-- Found ament_cmake: 1.3.12 (/opt/ros/humble/share/ament_cmake/cmake)
-- Found rclcpp: 16.0.15 (/opt/ros/humble/share/rclcpp/cmake)
-- Found rosidl_generator_c: 3.1.7 (/opt/ros/humble/share/rosidl_generator_c/cmake)
-- Found rosidl_adapter: 3.1.7 (/opt/ros/humble/share/rosidl_adapter/cmake)
-- Found rosidl_generator_cpp: 3.1.7 (/opt/ros/humble/share/rosidl_generator_cpp/cmake)
-- Using all available rosidl_typesupport_c: rosidl_typesupport_fastrtps_c;rosidl_typesupport_introspection_c
-- Using all available rosidl_typesupport_cpp: rosidl_typesupport_fastrtps_cpp;rosidl_typesupport_introspection_cpp
-- Found rmw_implementation_cmake: 6.1.2 (/opt/ros/humble/share/rmw_implementation_cmake/cmake)
-- Found rmw_fastrtps_cpp: 6.2.8 (/opt/ros/humble/share/rmw_fastrtps_cpp/cmake)
-- Using RMW implementation 'rmw_fastrtps_cpp' as default
-- Found sensor_msgs: 4.9.0 (/opt/ros/humble/share/sensor_msgs/cmake)
-- Found rclcpp_components: 16.0.15 (/opt/ros/humble/share/rclcpp_components/cmake)
-- Configuring done (3.9s)
-- Generating done (0.1s)
-- Build files have been written to: /home/a-raspi1/fishing_ws/build/fish_sensor_pkg
[ 20%] Built target i2c_device
[ 30%] [32mBuilding CXX object CMakeFiles/madgwick_filter.dir/src/madgwick_filter.cpp.o[0m
[ 50%] Built target as5600
In file included from [01m[K/home/a-raspi1/fishing_ws/src/fish_sensor_pkg/src/madgwick_filter.cpp:1[m[K:
[01m[K/home/a-raspi1/fishing_ws/src/fish_sensor_pkg/include/fish_sensor_pkg/madgwick_filter.hpp:5:10:[m[K [01;31m[Kfatal error: [m[Ksensor_msgs/msg/imu.hpp: ãã®ã‚ˆã†ãªãƒ•ã‚¡ã‚¤ãƒ«ã‚„ãƒ‡ã‚£ãƒ¬ã‚¯ãƒˆãƒªã¯ã‚ã‚Šã¾ã›ã‚“
    5 | #include [01;31m[K"sensor_msgs/msg/imu.hpp"[m[K
      |          [01;31m[K^~~~~~~~~~~~~~~~~~~~~~~~~[m[K
compilation terminated.
gmake[2]: *** [CMakeFiles/madgwick_filter.dir/build.make:76: CMakeFiles/madgwick_filter.dir/src/madgwick_filter.cpp.o] ã‚¨ãƒ©ãƒ¼ 1
gmake[1]: *** [CMakeFiles/Makefile2:223: CMakeFiles/madgwick_filter.dir/all] ã‚¨ãƒ©ãƒ¼ 2
gmake[1]: *** æœªå®Œäº†ã®ã‚¸ãƒ§ãƒ–ã‚’å¾…ã£ã¦ã„ã¾ã™....
[ 70%] Built target mpu6500
gmake: *** [Makefile:146: all] ã‚¨ãƒ©ãƒ¼ 2
