[0.054s] Invoking command in '/home/a-raspi1/fishing_ws/build/fish_sensor_pkg': CMAKE_PREFIX_PATH=${CMAKE_PREFIX_PATH}:/opt/ros/humble DEBUGINFOD_URLS=https://debuginfod.ubuntu.com /home/a-raspi1/.local/bin/cmake --build /home/a-raspi1/fishing_ws/build/fish_sensor_pkg -- -j4 -l4
[0.292s] -- Found ament_cmake: 1.3.12 (/opt/ros/humble/share/ament_cmake/cmake)
[1.402s] -- Found rclcpp: 16.0.15 (/opt/ros/humble/share/rclcpp/cmake)
[1.646s] -- Found rosidl_generator_c: 3.1.7 (/opt/ros/humble/share/rosidl_generator_c/cmake)
[1.665s] -- Found rosidl_adapter: 3.1.7 (/opt/ros/humble/share/rosidl_adapter/cmake)
[1.701s] -- Found rosidl_generator_cpp: 3.1.7 (/opt/ros/humble/share/rosidl_generator_cpp/cmake)
[1.763s] -- Using all available rosidl_typesupport_c: rosidl_typesupport_fastrtps_c;rosidl_typesupport_introspection_c
[1.845s] -- Using all available rosidl_typesupport_cpp: rosidl_typesupport_fastrtps_cpp;rosidl_typesupport_introspection_cpp
[2.051s] -- Found rmw_implementation_cmake: 6.1.2 (/opt/ros/humble/share/rmw_implementation_cmake/cmake)
[2.059s] -- Found rmw_fastrtps_cpp: 6.2.8 (/opt/ros/humble/share/rmw_fastrtps_cpp/cmake)
[3.262s] -- Using RMW implementation 'rmw_fastrtps_cpp' as default
[3.571s] -- Found sensor_msgs: 4.9.0 (/opt/ros/humble/share/sensor_msgs/cmake)
[3.753s] -- Found rclcpp_components: 16.0.15 (/opt/ros/humble/share/rclcpp_components/cmake)
[4.211s] -- Configuring done (3.9s)
[4.332s] -- Generating done (0.1s)
[4.367s] -- Build files have been written to: /home/a-raspi1/fishing_ws/build/fish_sensor_pkg
[4.502s] [ 20%] Built target i2c_device
[4.512s] [ 30%] [32mBuilding CXX object CMakeFiles/madgwick_filter.dir/src/madgwick_filter.cpp.o[0m
[4.577s] [ 50%] Built target as5600
[4.603s] In file included from [01m[K/home/a-raspi1/fishing_ws/src/fish_sensor_pkg/src/madgwick_filter.cpp:1[m[K:
[4.604s] [01m[K/home/a-raspi1/fishing_ws/src/fish_sensor_pkg/include/fish_sensor_pkg/madgwick_filter.hpp:5:10:[m[K [01;31m[Kfatal error: [m[Ksensor_msgs/msg/imu.hpp: そのようなファイルやディレクトリはありません
[4.604s]     5 | #include [01;31m[K"sensor_msgs/msg/imu.hpp"[m[K
[4.605s]       |          [01;31m[K^~~~~~~~~~~~~~~~~~~~~~~~~[m[K
[4.605s] compilation terminated.
[4.608s] gmake[2]: *** [CMakeFiles/madgwick_filter.dir/build.make:76: CMakeFiles/madgwick_filter.dir/src/madgwick_filter.cpp.o] エラー 1
[4.610s] gmake[1]: *** [CMakeFiles/Makefile2:223: CMakeFiles/madgwick_filter.dir/all] エラー 2
[4.610s] gmake[1]: *** 未完了のジョブを待っています....
[4.631s] [ 70%] Built target mpu6500
[4.639s] gmake: *** [Makefile:146: all] エラー 2
[4.668s] Invoked command in '/home/a-raspi1/fishing_ws/build/fish_sensor_pkg' returned '2': CMAKE_PREFIX_PATH=${CMAKE_PREFIX_PATH}:/opt/ros/humble DEBUGINFOD_URLS=https://debuginfod.ubuntu.com /home/a-raspi1/.local/bin/cmake --build /home/a-raspi1/fishing_ws/build/fish_sensor_pkg -- -j4 -l4
