[0.523s] DEBUG:colcon:Command line arguments: ['/usr/bin/colcon', 'build']
[0.523s] DEBUG:colcon:Parsed command line arguments: Namespace(log_base=None, log_level=None, verb_name='build', build_base='build', install_base='install', merge_install=False, symlink_install=False, test_result_base=None, continue_on_error=False, executor='parallel', parallel_workers=4, event_handlers=None, ignore_user_meta=False, metas=['./colcon.meta'], base_paths=['.'], packages_ignore=None, packages_ignore_regex=None, paths=None, packages_up_to=None, packages_up_to_regex=None, packages_above=None, packages_above_and_dependencies=None, packages_above_depth=None, packages_select_by_dep=None, packages_skip_by_dep=None, packages_skip_up_to=None, packages_select_build_failed=False, packages_skip_build_finished=False, packages_select_test_failures=False, packages_skip_test_passed=False, packages_select=None, packages_skip=None, packages_select_regex=None, packages_skip_regex=None, packages_start=None, packages_end=None, allow_overriding=[], cmake_args=None, cmake_target=None, cmake_target_skip_unavailable=False, cmake_clean_cache=False, cmake_clean_first=False, cmake_force_configure=False, ament_cmake_args=None, catkin_cmake_args=None, catkin_skip_building_tests=False, verb_parser=<colcon_defaults.argument_parser.defaults.DefaultArgumentsDecorator object at 0xffffb4f90970>, verb_extension=<colcon_core.verb.build.BuildVerb object at 0xffffb5126470>, main=<bound method BuildVerb.main of <colcon_core.verb.build.BuildVerb object at 0xffffb5126470>>)
[1.836s] Level 1:colcon.colcon_core.package_discovery:discover_packages(colcon_meta) check parameters
[1.836s] Level 1:colcon.colcon_core.package_discovery:discover_packages(recursive) check parameters
[1.836s] Level 1:colcon.colcon_core.package_discovery:discover_packages(ignore) check parameters
[1.837s] Level 1:colcon.colcon_core.package_discovery:discover_packages(path) check parameters
[1.837s] Level 1:colcon.colcon_core.package_discovery:discover_packages(colcon_meta) discover
[1.837s] Level 1:colcon.colcon_core.package_discovery:discover_packages(recursive) discover
[1.837s] INFO:colcon.colcon_core.package_discovery:Crawling recursively for packages in '/home/a-raspi1/fishing_ws'
[1.838s] Level 1:colcon.colcon_core.package_identification:_identify(.) by extensions ['ignore', 'ignore_ament_install']
[1.838s] Level 1:colcon.colcon_core.package_identification:_identify(.) by extension 'ignore'
[1.838s] Level 1:colcon.colcon_core.package_identification:_identify(.) by extension 'ignore_ament_install'
[1.839s] Level 1:colcon.colcon_core.package_identification:_identify(.) by extensions ['colcon_pkg']
[1.839s] Level 1:colcon.colcon_core.package_identification:_identify(.) by extension 'colcon_pkg'
[1.839s] Level 1:colcon.colcon_core.package_identification:_identify(.) by extensions ['colcon_meta']
[1.839s] Level 1:colcon.colcon_core.package_identification:_identify(.) by extension 'colcon_meta'
[1.839s] Level 1:colcon.colcon_core.package_identification:_identify(.) by extensions ['ros']
[1.840s] Level 1:colcon.colcon_core.package_identification:_identify(.) by extension 'ros'
[1.926s] Level 1:colcon.colcon_core.package_identification:_identify(.) by extensions ['cmake', 'python']
[1.926s] Level 1:colcon.colcon_core.package_identification:_identify(.) by extension 'cmake'
[1.926s] Level 1:colcon.colcon_core.package_identification:_identify(.) by extension 'python'
[1.927s] Level 1:colcon.colcon_core.package_identification:_identify(.) by extensions ['python_setup_py']
[1.927s] Level 1:colcon.colcon_core.package_identification:_identify(.) by extension 'python_setup_py'
[1.928s] Level 1:colcon.colcon_core.package_identification:_identify(build) by extensions ['ignore', 'ignore_ament_install']
[1.928s] Level 1:colcon.colcon_core.package_identification:_identify(build) by extension 'ignore'
[1.928s] Level 1:colcon.colcon_core.package_identification:_identify(build) ignored
[1.929s] Level 1:colcon.colcon_core.package_identification:_identify(install) by extensions ['ignore', 'ignore_ament_install']
[1.930s] Level 1:colcon.colcon_core.package_identification:_identify(install) by extension 'ignore'
[1.930s] Level 1:colcon.colcon_core.package_identification:_identify(install) ignored
[1.931s] Level 1:colcon.colcon_core.package_identification:_identify(log) by extensions ['ignore', 'ignore_ament_install']
[1.931s] Level 1:colcon.colcon_core.package_identification:_identify(log) by extension 'ignore'
[1.931s] Level 1:colcon.colcon_core.package_identification:_identify(log) ignored
[1.932s] Level 1:colcon.colcon_core.package_identification:_identify(src) by extensions ['ignore', 'ignore_ament_install']
[1.932s] Level 1:colcon.colcon_core.package_identification:_identify(src) by extension 'ignore'
[1.933s] Level 1:colcon.colcon_core.package_identification:_identify(src) by extension 'ignore_ament_install'
[1.933s] Level 1:colcon.colcon_core.package_identification:_identify(src) by extensions ['colcon_pkg']
[1.933s] Level 1:colcon.colcon_core.package_identification:_identify(src) by extension 'colcon_pkg'
[1.933s] Level 1:colcon.colcon_core.package_identification:_identify(src) by extensions ['colcon_meta']
[1.933s] Level 1:colcon.colcon_core.package_identification:_identify(src) by extension 'colcon_meta'
[1.934s] Level 1:colcon.colcon_core.package_identification:_identify(src) by extensions ['ros']
[1.934s] Level 1:colcon.colcon_core.package_identification:_identify(src) by extension 'ros'
[1.934s] Level 1:colcon.colcon_core.package_identification:_identify(src) by extensions ['cmake', 'python']
[1.934s] Level 1:colcon.colcon_core.package_identification:_identify(src) by extension 'cmake'
[1.934s] Level 1:colcon.colcon_core.package_identification:_identify(src) by extension 'python'
[1.935s] Level 1:colcon.colcon_core.package_identification:_identify(src) by extensions ['python_setup_py']
[1.935s] Level 1:colcon.colcon_core.package_identification:_identify(src) by extension 'python_setup_py'
[1.936s] Level 1:colcon.colcon_core.package_identification:_identify(src/fish_sensor_pkg) by extensions ['ignore', 'ignore_ament_install']
[1.936s] Level 1:colcon.colcon_core.package_identification:_identify(src/fish_sensor_pkg) by extension 'ignore'
[1.936s] Level 1:colcon.colcon_core.package_identification:_identify(src/fish_sensor_pkg) by extension 'ignore_ament_install'
[1.936s] Level 1:colcon.colcon_core.package_identification:_identify(src/fish_sensor_pkg) by extensions ['colcon_pkg']
[1.937s] Level 1:colcon.colcon_core.package_identification:_identify(src/fish_sensor_pkg) by extension 'colcon_pkg'
[1.937s] Level 1:colcon.colcon_core.package_identification:_identify(src/fish_sensor_pkg) by extensions ['colcon_meta']
[1.937s] Level 1:colcon.colcon_core.package_identification:_identify(src/fish_sensor_pkg) by extension 'colcon_meta'
[1.937s] Level 1:colcon.colcon_core.package_identification:_identify(src/fish_sensor_pkg) by extensions ['ros']
[1.937s] Level 1:colcon.colcon_core.package_identification:_identify(src/fish_sensor_pkg) by extension 'ros'
[1.949s] DEBUG:colcon.colcon_core.package_identification:Package 'src/fish_sensor_pkg' with type 'ros.ament_cmake' and name 'fish_sensor_pkg'
[1.950s] Level 1:colcon.colcon_core.package_discovery:discover_packages(recursive) using defaults
[1.950s] Level 1:colcon.colcon_core.package_discovery:discover_packages(ignore) discover
[1.950s] Level 1:colcon.colcon_core.package_discovery:discover_packages(ignore) using defaults
[1.950s] Level 1:colcon.colcon_core.package_discovery:discover_packages(path) discover
[1.950s] Level 1:colcon.colcon_core.package_discovery:discover_packages(path) using defaults
[2.035s] Level 1:colcon.colcon_core.package_discovery:discover_packages(prefix_path) check parameters
[2.035s] Level 1:colcon.colcon_core.package_discovery:discover_packages(prefix_path) discover
[2.044s] DEBUG:colcon.colcon_installed_package_information.package_discovery:Found 1 installed packages in /home/a-raspi1/fishing_ws/install
[2.054s] DEBUG:colcon.colcon_installed_package_information.package_discovery:Found 271 installed packages in /opt/ros/humble
[2.066s] Level 1:colcon.colcon_core.package_discovery:discover_packages(prefix_path) using defaults
[2.261s] Level 5:colcon.colcon_core.verb:set package 'fish_sensor_pkg' build argument 'cmake_args' from command line to 'None'
[2.261s] Level 5:colcon.colcon_core.verb:set package 'fish_sensor_pkg' build argument 'cmake_target' from command line to 'None'
[2.261s] Level 5:colcon.colcon_core.verb:set package 'fish_sensor_pkg' build argument 'cmake_target_skip_unavailable' from command line to 'False'
[2.261s] Level 5:colcon.colcon_core.verb:set package 'fish_sensor_pkg' build argument 'cmake_clean_cache' from command line to 'False'
[2.261s] Level 5:colcon.colcon_core.verb:set package 'fish_sensor_pkg' build argument 'cmake_clean_first' from command line to 'False'
[2.261s] Level 5:colcon.colcon_core.verb:set package 'fish_sensor_pkg' build argument 'cmake_force_configure' from command line to 'False'
[2.262s] Level 5:colcon.colcon_core.verb:set package 'fish_sensor_pkg' build argument 'ament_cmake_args' from command line to 'None'
[2.262s] Level 5:colcon.colcon_core.verb:set package 'fish_sensor_pkg' build argument 'catkin_cmake_args' from command line to 'None'
[2.262s] Level 5:colcon.colcon_core.verb:set package 'fish_sensor_pkg' build argument 'catkin_skip_building_tests' from command line to 'False'
[2.262s] DEBUG:colcon.colcon_core.verb:Building package 'fish_sensor_pkg' with the following arguments: {'ament_cmake_args': None, 'build_base': '/home/a-raspi1/fishing_ws/build/fish_sensor_pkg', 'catkin_cmake_args': None, 'catkin_skip_building_tests': False, 'cmake_args': None, 'cmake_clean_cache': False, 'cmake_clean_first': False, 'cmake_force_configure': False, 'cmake_target': None, 'cmake_target_skip_unavailable': False, 'install_base': '/home/a-raspi1/fishing_ws/install/fish_sensor_pkg', 'merge_install': False, 'path': '/home/a-raspi1/fishing_ws/src/fish_sensor_pkg', 'symlink_install': False, 'test_result_base': None}
[2.263s] INFO:colcon.colcon_core.executor:Executing jobs using 'parallel' executor
[2.266s] DEBUG:colcon.colcon_parallel_executor.executor.parallel:run_until_complete
[2.267s] INFO:colcon.colcon_ros.task.ament_cmake.build:Building ROS package in '/home/a-raspi1/fishing_ws/src/fish_sensor_pkg' with build type 'ament_cmake'
[2.268s] INFO:colcon.colcon_cmake.task.cmake.build:Building CMake package in '/home/a-raspi1/fishing_ws/src/fish_sensor_pkg'
[2.278s] INFO:colcon.colcon_core.plugin_system:Skipping extension 'colcon_core.shell.bat': Not used on non-Windows systems
[2.280s] INFO:colcon.colcon_core.shell:Skip shell extension 'powershell' for command environment: Not usable outside of PowerShell
[2.280s] DEBUG:colcon.colcon_core.shell:Skip shell extension 'dsv' for command environment
[2.323s] DEBUG:colcon.colcon_core.event_handler.log_command:Invoking command in '/home/a-raspi1/fishing_ws/build/fish_sensor_pkg': CMAKE_PREFIX_PATH=${CMAKE_PREFIX_PATH}:/opt/ros/humble DEBUGINFOD_URLS=https://debuginfod.ubuntu.com /home/a-raspi1/.local/bin/cmake --build /home/a-raspi1/fishing_ws/build/fish_sensor_pkg -- -j4 -l4
[6.937s] DEBUG:colcon.colcon_core.event_handler.log_command:Invoked command in '/home/a-raspi1/fishing_ws/build/fish_sensor_pkg' returned '2': CMAKE_PREFIX_PATH=${CMAKE_PREFIX_PATH}:/opt/ros/humble DEBUGINFOD_URLS=https://debuginfod.ubuntu.com /home/a-raspi1/.local/bin/cmake --build /home/a-raspi1/fishing_ws/build/fish_sensor_pkg -- -j4 -l4
[6.940s] Level 1:colcon.colcon_core.environment:create_environment_scripts_only(fish_sensor_pkg)
[6.954s] Level 1:colcon.colcon_core.environment:checking '/home/a-raspi1/fishing_ws/install/fish_sensor_pkg' for CMake module files
[6.958s] Level 1:colcon.colcon_core.environment:checking '/home/a-raspi1/fishing_ws/install/fish_sensor_pkg' for CMake config files
[6.961s] Level 1:colcon.colcon_core.shell:create_environment_hook('fish_sensor_pkg', 'cmake_prefix_path')
[6.962s] INFO:colcon.colcon_core.shell:Creating environment hook '/home/a-raspi1/fishing_ws/install/fish_sensor_pkg/share/fish_sensor_pkg/hook/cmake_prefix_path.ps1'
[6.966s] INFO:colcon.colcon_core.shell:Creating environment descriptor '/home/a-raspi1/fishing_ws/install/fish_sensor_pkg/share/fish_sensor_pkg/hook/cmake_prefix_path.dsv'
[6.969s] INFO:colcon.colcon_core.shell:Creating environment hook '/home/a-raspi1/fishing_ws/install/fish_sensor_pkg/share/fish_sensor_pkg/hook/cmake_prefix_path.sh'
[6.974s] Level 1:colcon.colcon_core.environment:checking '/home/a-raspi1/fishing_ws/install/fish_sensor_pkg/lib'
[6.976s] Level 1:colcon.colcon_core.environment:checking '/home/a-raspi1/fishing_ws/install/fish_sensor_pkg/bin'
[6.976s] Level 1:colcon.colcon_core.environment:checking '/home/a-raspi1/fishing_ws/install/fish_sensor_pkg/lib/pkgconfig/fish_sensor_pkg.pc'
[6.977s] Level 1:colcon.colcon_core.environment:checking '/home/a-raspi1/fishing_ws/install/fish_sensor_pkg/lib/python3.10/site-packages'
[6.979s] Level 1:colcon.colcon_core.environment:checking '/home/a-raspi1/fishing_ws/install/fish_sensor_pkg/bin'
[6.981s] INFO:colcon.colcon_core.shell:Creating package script '/home/a-raspi1/fishing_ws/install/fish_sensor_pkg/share/fish_sensor_pkg/package.ps1'
[6.985s] INFO:colcon.colcon_core.shell:Creating package descriptor '/home/a-raspi1/fishing_ws/install/fish_sensor_pkg/share/fish_sensor_pkg/package.dsv'
[6.990s] INFO:colcon.colcon_core.shell:Creating package script '/home/a-raspi1/fishing_ws/install/fish_sensor_pkg/share/fish_sensor_pkg/package.sh'
[6.995s] INFO:colcon.colcon_core.shell:Creating package script '/home/a-raspi1/fishing_ws/install/fish_sensor_pkg/share/fish_sensor_pkg/package.bash'
[7.000s] INFO:colcon.colcon_core.shell:Creating package script '/home/a-raspi1/fishing_ws/install/fish_sensor_pkg/share/fish_sensor_pkg/package.zsh'
[7.004s] Level 1:colcon.colcon_core.environment:create_file_with_runtime_dependencies(/home/a-raspi1/fishing_ws/install/fish_sensor_pkg/share/colcon-core/packages/fish_sensor_pkg)
[7.017s] DEBUG:colcon.colcon_parallel_executor.executor.parallel:closing loop
[7.018s] DEBUG:colcon.colcon_parallel_executor.executor.parallel:loop closed
[7.018s] DEBUG:colcon.colcon_parallel_executor.executor.parallel:run_until_complete finished with '2'
[7.019s] DEBUG:colcon.colcon_core.event_reactor:joining thread
[7.044s] INFO:colcon.colcon_core.plugin_system:Skipping extension 'colcon_notification.desktop_notification.terminal_notifier': Not used on non-Darwin systems
[7.044s] INFO:colcon.colcon_core.plugin_system:Skipping extension 'colcon_notification.desktop_notification.win32': Not used on non-Windows systems
[7.044s] INFO:colcon.colcon_notification.desktop_notification:Sending desktop notification using 'notify2'
[7.050s] DEBUG:colcon.colcon_notification.desktop_notification.notify2:Failed to initialize notify2: org.freedesktop.DBus.Error.ServiceUnknown: The name org.freedesktop.Notifications was not provided by any .service files
[7.050s] DEBUG:colcon.colcon_core.event_reactor:joined thread
[7.052s] INFO:colcon.colcon_core.shell:Creating prefix script '/home/a-raspi1/fishing_ws/install/local_setup.ps1'
[7.056s] INFO:colcon.colcon_core.shell:Creating prefix util module '/home/a-raspi1/fishing_ws/install/_local_setup_util_ps1.py'
[7.063s] INFO:colcon.colcon_core.shell:Creating prefix chain script '/home/a-raspi1/fishing_ws/install/setup.ps1'
[7.069s] INFO:colcon.colcon_core.shell:Creating prefix script '/home/a-raspi1/fishing_ws/install/local_setup.sh'
[7.072s] INFO:colcon.colcon_core.shell:Creating prefix util module '/home/a-raspi1/fishing_ws/install/_local_setup_util_sh.py'
[7.075s] INFO:colcon.colcon_core.shell:Creating prefix chain script '/home/a-raspi1/fishing_ws/install/setup.sh'
[7.080s] INFO:colcon.colcon_core.shell:Creating prefix script '/home/a-raspi1/fishing_ws/install/local_setup.bash'
[7.083s] INFO:colcon.colcon_core.shell:Creating prefix chain script '/home/a-raspi1/fishing_ws/install/setup.bash'
[7.088s] INFO:colcon.colcon_core.shell:Creating prefix script '/home/a-raspi1/fishing_ws/install/local_setup.zsh'
[7.091s] INFO:colcon.colcon_core.shell:Creating prefix chain script '/home/a-raspi1/fishing_ws/install/setup.zsh'
