[0.065s] Invoking command in '/home/a-raspi1/fishing_ws/build/fish_sensor_pkg': CMAKE_PREFIX_PATH=${CMAKE_PREFIX_PATH}:/opt/ros/humble DEBUGINFOD_URLS=https://debuginfod.ubuntu.com /home/a-raspi1/.local/bin/cmake --build /home/a-raspi1/fishing_ws/build/fish_sensor_pkg -- -j4 -l4
[0.290s] -- Found ament_cmake: 1.3.12 (/opt/ros/humble/share/ament_cmake/cmake)
[1.407s] -- Found rclcpp: 16.0.15 (/opt/ros/humble/share/rclcpp/cmake)
[1.651s] -- Found rosidl_generator_c: 3.1.7 (/opt/ros/humble/share/rosidl_generator_c/cmake)
[1.668s] -- Found rosidl_adapter: 3.1.7 (/opt/ros/humble/share/rosidl_adapter/cmake)
[1.705s] -- Found rosidl_generator_cpp: 3.1.7 (/opt/ros/humble/share/rosidl_generator_cpp/cmake)
[1.767s] -- Using all available rosidl_typesupport_c: rosidl_typesupport_fastrtps_c;rosidl_typesupport_introspection_c
[1.849s] -- Using all available rosidl_typesupport_cpp: rosidl_typesupport_fastrtps_cpp;rosidl_typesupport_introspection_cpp
[2.056s] -- Found rmw_implementation_cmake: 6.1.2 (/opt/ros/humble/share/rmw_implementation_cmake/cmake)
[2.064s] -- Found rmw_fastrtps_cpp: 6.2.8 (/opt/ros/humble/share/rmw_fastrtps_cpp/cmake)
[3.272s] -- Using RMW implementation 'rmw_fastrtps_cpp' as default
[3.581s] -- Found sensor_msgs: 4.9.0 (/opt/ros/humble/share/sensor_msgs/cmake)
[3.767s] -- Found rclcpp_components: 16.0.15 (/opt/ros/humble/share/rclcpp_components/cmake)
[4.099s] [31mCMake Error at CMakeLists.txt:15 (find_package):
[4.099s]   By not providing "Findlaunch_ros.cmake" in CMAKE_MODULE_PATH this project
[4.100s]   has asked CMake to find a package configuration file provided by
[4.100s]   "launch_ros", but CMake did not find one.
[4.101s] 
[4.101s]   Could not find a package configuration file provided by "launch_ros" with
[4.101s]   any of the following names:
[4.102s] 
[4.103s]     launch_rosConfig.cmake
[4.104s]     launch_ros-config.cmake
[4.104s] 
[4.104s]   Add the installation prefix of "launch_ros" to CMAKE_PREFIX_PATH or set
[4.105s]   "launch_ros_DIR" to a directory containing one of the above files.  If
[4.105s]   "launch_ros" provides a separate development package or SDK, be sure it has
[4.106s]   been installed.
[4.106s] 
[4.107s] [0m
[4.108s] -- Configuring incomplete, errors occurred!
[4.137s] gmake: *** [Makefile:431: cmake_check_build_system] エラー 1
[4.165s] Invoked command in '/home/a-raspi1/fishing_ws/build/fish_sensor_pkg' returned '2': CMAKE_PREFIX_PATH=${CMAKE_PREFIX_PATH}:/opt/ros/humble DEBUGINFOD_URLS=https://debuginfod.ubuntu.com /home/a-raspi1/.local/bin/cmake --build /home/a-raspi1/fishing_ws/build/fish_sensor_pkg -- -j4 -l4
