-- Found ament_cmake: 1.3.12 (/opt/ros/humble/share/ament_cmake/cmake)
-- Found rclcpp: 16.0.15 (/opt/ros/humble/share/rclcpp/cmake)
-- Found rosidl_generator_c: 3.1.7 (/opt/ros/humble/share/rosidl_generator_c/cmake)
-- Found rosidl_adapter: 3.1.7 (/opt/ros/humble/share/rosidl_adapter/cmake)
-- Found rosidl_generator_cpp: 3.1.7 (/opt/ros/humble/share/rosidl_generator_cpp/cmake)
-- Using all available rosidl_typesupport_c: rosidl_typesupport_fastrtps_c;rosidl_typesupport_introspection_c
-- Using all available rosidl_typesupport_cpp: rosidl_typesupport_fastrtps_cpp;rosidl_typesupport_introspection_cpp
-- Found rmw_implementation_cmake: 6.1.2 (/opt/ros/humble/share/rmw_implementation_cmake/cmake)
-- Found rmw_fastrtps_cpp: 6.2.8 (/opt/ros/humble/share/rmw_fastrtps_cpp/cmake)
-- Using RMW implementation 'rmw_fastrtps_cpp' as default
-- Found sensor_msgs: 4.9.0 (/opt/ros/humble/share/sensor_msgs/cmake)
-- Found rclcpp_components: 16.0.15 (/opt/ros/humble/share/rclcpp_components/cmake)
-- Configuring done (4.0s)
-- Generating done (0.1s)
-- Build files have been written to: /home/a-raspi1/fishing_ws/build/fish_sensor_pkg
[ 20%] Built target i2c_device
[ 30%] [32mBuilding CXX object CMakeFiles/madgwick_filter.dir/src/madgwick_filter.cpp.o[0m
[ 50%] Built target as5600
[ 70%] Built target mpu6500
[ 80%] [32m[1mLinking CXX static library libmadgwick_filter.a[0m
[ 80%] Built target madgwick_filter
[ 90%] [32m[1mLinking CXX executable fish_sensor_node[0m
[100%] Built target fish_sensor_node
-- Install configuration: ""
-- Installing: /home/a-raspi1/fishing_ws/install/fish_sensor_pkg/lib/fish_sensor_pkg/fish_sensor_node
-- Set runtime path of "/home/a-raspi1/fishing_ws/install/fish_sensor_pkg/lib/fish_sensor_pkg/fish_sensor_node" to ""
-- Up-to-date: /home/a-raspi1/fishing_ws/install/fish_sensor_pkg/include
-- Up-to-date: /home/a-raspi1/fishing_ws/install/fish_sensor_pkg/include/fish_sensor_pkg
-- Installing: /home/a-raspi1/fishing_ws/install/fish_sensor_pkg/include/fish_sensor_pkg/mpu6500.hpp
-- Up-to-date: /home/a-raspi1/fishing_ws/install/fish_sensor_pkg/include/fish_sensor_pkg/as5600.hpp
-- Up-to-date: /home/a-raspi1/fishing_ws/install/fish_sensor_pkg/include/fish_sensor_pkg/i2c_device.hpp
-- Up-to-date: /home/a-raspi1/fishing_ws/install/fish_sensor_pkg/include/fish_sensor_pkg/madgwick_filter.hpp
-- Up-to-date: /home/a-raspi1/fishing_ws/install/fish_sensor_pkg/share/fish_sensor_pkg/launch
-- Up-to-date: /home/a-raspi1/fishing_ws/install/fish_sensor_pkg/share/fish_sensor_pkg/launch/fish_sensor.launch.py
-- Up-to-date: /home/a-raspi1/fishing_ws/install/fish_sensor_pkg/share/fish_sensor_pkg/params
-- Up-to-date: /home/a-raspi1/fishing_ws/install/fish_sensor_pkg/share/fish_sensor_pkg/params/fish_sensor_params.yaml
-- Up-to-date: /home/a-raspi1/fishing_ws/install/fish_sensor_pkg/share/ament_index/resource_index/package_run_dependencies/fish_sensor_pkg
-- Up-to-date: /home/a-raspi1/fishing_ws/install/fish_sensor_pkg/share/ament_index/resource_index/parent_prefix_path/fish_sensor_pkg
-- Up-to-date: /home/a-raspi1/fishing_ws/install/fish_sensor_pkg/share/fish_sensor_pkg/environment/ament_prefix_path.sh
-- Installing: /home/a-raspi1/fishing_ws/install/fish_sensor_pkg/share/fish_sensor_pkg/environment/ament_prefix_path.dsv
-- Up-to-date: /home/a-raspi1/fishing_ws/install/fish_sensor_pkg/share/fish_sensor_pkg/environment/path.sh
-- Installing: /home/a-raspi1/fishing_ws/install/fish_sensor_pkg/share/fish_sensor_pkg/environment/path.dsv
-- Up-to-date: /home/a-raspi1/fishing_ws/install/fish_sensor_pkg/share/fish_sensor_pkg/local_setup.bash
-- Up-to-date: /home/a-raspi1/fishing_ws/install/fish_sensor_pkg/share/fish_sensor_pkg/local_setup.sh
-- Up-to-date: /home/a-raspi1/fishing_ws/install/fish_sensor_pkg/share/fish_sensor_pkg/local_setup.zsh
-- Installing: /home/a-raspi1/fishing_ws/install/fish_sensor_pkg/share/fish_sensor_pkg/local_setup.dsv
-- Installing: /home/a-raspi1/fishing_ws/install/fish_sensor_pkg/share/fish_sensor_pkg/package.dsv
-- Up-to-date: /home/a-raspi1/fishing_ws/install/fish_sensor_pkg/share/ament_index/resource_index/packages/fish_sensor_pkg
-- Up-to-date: /home/a-raspi1/fishing_ws/install/fish_sensor_pkg/share/fish_sensor_pkg/cmake/fish_sensor_pkgConfig.cmake
-- Up-to-date: /home/a-raspi1/fishing_ws/install/fish_sensor_pkg/share/fish_sensor_pkg/cmake/fish_sensor_pkgConfig-version.cmake
-- Up-to-date: /home/a-raspi1/fishing_ws/install/fish_sensor_pkg/share/fish_sensor_pkg/package.xml
