[0.066s] Invoking command in '/home/a-raspi1/fishing_ws/build/fish_sensor_pkg': CMAKE_PREFIX_PATH=${CMAKE_PREFIX_PATH}:/opt/ros/humble DEBUGINFOD_URLS=https://debuginfod.ubuntu.com /home/a-raspi1/.local/bin/cmake --build /home/a-raspi1/fishing_ws/build/fish_sensor_pkg -- -j4 -l4
[0.284s] -- Found ament_cmake: 1.3.12 (/opt/ros/humble/share/ament_cmake/cmake)
[1.394s] -- Found rclcpp: 16.0.15 (/opt/ros/humble/share/rclcpp/cmake)
[1.640s] -- Found rosidl_generator_c: 3.1.7 (/opt/ros/humble/share/rosidl_generator_c/cmake)
[1.658s] -- Found rosidl_adapter: 3.1.7 (/opt/ros/humble/share/rosidl_adapter/cmake)
[1.695s] -- Found rosidl_generator_cpp: 3.1.7 (/opt/ros/humble/share/rosidl_generator_cpp/cmake)
[1.758s] -- Using all available rosidl_typesupport_c: rosidl_typesupport_fastrtps_c;rosidl_typesupport_introspection_c
[1.840s] -- Using all available rosidl_typesupport_cpp: rosidl_typesupport_fastrtps_cpp;rosidl_typesupport_introspection_cpp
[2.050s] -- Found rmw_implementation_cmake: 6.1.2 (/opt/ros/humble/share/rmw_implementation_cmake/cmake)
[2.058s] -- Found rmw_fastrtps_cpp: 6.2.8 (/opt/ros/humble/share/rmw_fastrtps_cpp/cmake)
[3.269s] -- Using RMW implementation 'rmw_fastrtps_cpp' as default
[3.577s] -- Found sensor_msgs: 4.9.0 (/opt/ros/humble/share/sensor_msgs/cmake)
[3.761s] -- Found rclcpp_components: 16.0.15 (/opt/ros/humble/share/rclcpp_components/cmake)
[4.221s] -- Configuring done (4.0s)
[4.351s] -- Generating done (0.1s)
[4.383s] -- Build files have been written to: /home/a-raspi1/fishing_ws/build/fish_sensor_pkg
[4.511s] [ 20%] Built target i2c_device
[4.519s] [ 30%] [32mBuilding CXX object CMakeFiles/madgwick_filter.dir/src/madgwick_filter.cpp.o[0m
[4.588s] [ 50%] Built target as5600
[4.634s] [ 70%] Built target mpu6500
[7.781s] [ 80%] [32m[1mLinking CXX static library libmadgwick_filter.a[0m
[7.850s] [ 80%] Built target madgwick_filter
[7.974s] [ 90%] [32m[1mLinking CXX executable fish_sensor_node[0m
[9.161s] [100%] Built target fish_sensor_node
[9.218s] Invoked command in '/home/a-raspi1/fishing_ws/build/fish_sensor_pkg' returned '0': CMAKE_PREFIX_PATH=${CMAKE_PREFIX_PATH}:/opt/ros/humble DEBUGINFOD_URLS=https://debuginfod.ubuntu.com /home/a-raspi1/.local/bin/cmake --build /home/a-raspi1/fishing_ws/build/fish_sensor_pkg -- -j4 -l4
[9.400s] Invoking command in '/home/a-raspi1/fishing_ws/build/fish_sensor_pkg': CMAKE_PREFIX_PATH=${CMAKE_PREFIX_PATH}:/opt/ros/humble DEBUGINFOD_URLS=https://debuginfod.ubuntu.com /home/a-raspi1/.local/bin/cmake --install /home/a-raspi1/fishing_ws/build/fish_sensor_pkg
[9.545s] -- Install configuration: ""
[9.548s] -- Installing: /home/a-raspi1/fishing_ws/install/fish_sensor_pkg/lib/fish_sensor_pkg/fish_sensor_node
[9.565s] -- Set runtime path of "/home/a-raspi1/fishing_ws/install/fish_sensor_pkg/lib/fish_sensor_pkg/fish_sensor_node" to ""
[9.565s] -- Up-to-date: /home/a-raspi1/fishing_ws/install/fish_sensor_pkg/include
[9.567s] -- Up-to-date: /home/a-raspi1/fishing_ws/install/fish_sensor_pkg/include/fish_sensor_pkg
[9.567s] -- Installing: /home/a-raspi1/fishing_ws/install/fish_sensor_pkg/include/fish_sensor_pkg/mpu6500.hpp
[9.568s] -- Up-to-date: /home/a-raspi1/fishing_ws/install/fish_sensor_pkg/include/fish_sensor_pkg/as5600.hpp
[9.569s] -- Up-to-date: /home/a-raspi1/fishing_ws/install/fish_sensor_pkg/include/fish_sensor_pkg/i2c_device.hpp
[9.569s] -- Up-to-date: /home/a-raspi1/fishing_ws/install/fish_sensor_pkg/include/fish_sensor_pkg/madgwick_filter.hpp
[9.570s] -- Up-to-date: /home/a-raspi1/fishing_ws/install/fish_sensor_pkg/share/fish_sensor_pkg/launch
[9.570s] -- Up-to-date: /home/a-raspi1/fishing_ws/install/fish_sensor_pkg/share/fish_sensor_pkg/launch/fish_sensor.launch.py
[9.571s] -- Up-to-date: /home/a-raspi1/fishing_ws/install/fish_sensor_pkg/share/fish_sensor_pkg/params
[9.571s] -- Up-to-date: /home/a-raspi1/fishing_ws/install/fish_sensor_pkg/share/fish_sensor_pkg/params/fish_sensor_params.yaml
[9.572s] -- Up-to-date: /home/a-raspi1/fishing_ws/install/fish_sensor_pkg/share/ament_index/resource_index/package_run_dependencies/fish_sensor_pkg
[9.573s] -- Up-to-date: /home/a-raspi1/fishing_ws/install/fish_sensor_pkg/share/ament_index/resource_index/parent_prefix_path/fish_sensor_pkg
[9.574s] -- Up-to-date: /home/a-raspi1/fishing_ws/install/fish_sensor_pkg/share/fish_sensor_pkg/environment/ament_prefix_path.sh
[9.574s] -- Installing: /home/a-raspi1/fishing_ws/install/fish_sensor_pkg/share/fish_sensor_pkg/environment/ament_prefix_path.dsv
[9.575s] -- Up-to-date: /home/a-raspi1/fishing_ws/install/fish_sensor_pkg/share/fish_sensor_pkg/environment/path.sh
[9.575s] -- Installing: /home/a-raspi1/fishing_ws/install/fish_sensor_pkg/share/fish_sensor_pkg/environment/path.dsv
[9.576s] -- Up-to-date: /home/a-raspi1/fishing_ws/install/fish_sensor_pkg/share/fish_sensor_pkg/local_setup.bash
[9.577s] -- Up-to-date: /home/a-raspi1/fishing_ws/install/fish_sensor_pkg/share/fish_sensor_pkg/local_setup.sh
[9.577s] -- Up-to-date: /home/a-raspi1/fishing_ws/install/fish_sensor_pkg/share/fish_sensor_pkg/local_setup.zsh
[9.578s] -- Installing: /home/a-raspi1/fishing_ws/install/fish_sensor_pkg/share/fish_sensor_pkg/local_setup.dsv
[9.579s] -- Installing: /home/a-raspi1/fishing_ws/install/fish_sensor_pkg/share/fish_sensor_pkg/package.dsv
[9.581s] -- Up-to-date: /home/a-raspi1/fishing_ws/install/fish_sensor_pkg/share/ament_index/resource_index/packages/fish_sensor_pkg
[9.581s] -- Up-to-date: /home/a-raspi1/fishing_ws/install/fish_sensor_pkg/share/fish_sensor_pkg/cmake/fish_sensor_pkgConfig.cmake
[9.582s] -- Up-to-date: /home/a-raspi1/fishing_ws/install/fish_sensor_pkg/share/fish_sensor_pkg/cmake/fish_sensor_pkgConfig-version.cmake
[9.582s] -- Up-to-date: /home/a-raspi1/fishing_ws/install/fish_sensor_pkg/share/fish_sensor_pkg/package.xml
[9.608s] Invoked command in '/home/a-raspi1/fishing_ws/build/fish_sensor_pkg' returned '0': CMAKE_PREFIX_PATH=${CMAKE_PREFIX_PATH}:/opt/ros/humble DEBUGINFOD_URLS=https://debuginfod.ubuntu.com /home/a-raspi1/.local/bin/cmake --install /home/a-raspi1/fishing_ws/build/fish_sensor_pkg
