[0.523s] DEBUG:colcon:Command line arguments: ['/usr/bin/colcon', 'build']
[0.523s] DEBUG:colcon:Parsed command line arguments: Namespace(log_base=None, log_level=None, verb_name='build', build_base='build', install_base='install', merge_install=False, symlink_install=False, test_result_base=None, continue_on_error=False, executor='parallel', parallel_workers=4, event_handlers=None, ignore_user_meta=False, metas=['./colcon.meta'], base_paths=['.'], packages_ignore=None, packages_ignore_regex=None, paths=None, packages_up_to=None, packages_up_to_regex=None, packages_above=None, packages_above_and_dependencies=None, packages_above_depth=None, packages_select_by_dep=None, packages_skip_by_dep=None, packages_skip_up_to=None, packages_select_build_failed=False, packages_skip_build_finished=False, packages_select_test_failures=False, packages_skip_test_passed=False, packages_select=None, packages_skip=None, packages_select_regex=None, packages_skip_regex=None, packages_start=None, packages_end=None, allow_overriding=[], cmake_args=None, cmake_target=None, cmake_target_skip_unavailable=False, cmake_clean_cache=False, cmake_clean_first=False, cmake_force_configure=False, ament_cmake_args=None, catkin_cmake_args=None, catkin_skip_building_tests=False, verb_parser=<colcon_defaults.argument_parser.defaults.DefaultArgumentsDecorator object at 0xffff9ea40970>, verb_extension=<colcon_core.verb.build.BuildVerb object at 0xffff9ebd6470>, main=<bound method BuildVerb.main of <colcon_core.verb.build.BuildVerb object at 0xffff9ebd6470>>)
[1.825s] Level 1:colcon.colcon_core.package_discovery:discover_packages(colcon_meta) check parameters
[1.826s] Level 1:colcon.colcon_core.package_discovery:discover_packages(recursive) check parameters
[1.826s] Level 1:colcon.colcon_core.package_discovery:discover_packages(ignore) check parameters
[1.826s] Level 1:colcon.colcon_core.package_discovery:discover_packages(path) check parameters
[1.826s] Level 1:colcon.colcon_core.package_discovery:discover_packages(colcon_meta) discover
[1.827s] Level 1:colcon.colcon_core.package_discovery:discover_packages(recursive) discover
[1.827s] INFO:colcon.colcon_core.package_discovery:Crawling recursively for packages in '/home/a-raspi1/fishing_ws'
[1.827s] Level 1:colcon.colcon_core.package_identification:_identify(.) by extensions ['ignore', 'ignore_ament_install']
[1.828s] Level 1:colcon.colcon_core.package_identification:_identify(.) by extension 'ignore'
[1.828s] Level 1:colcon.colcon_core.package_identification:_identify(.) by extension 'ignore_ament_install'
[1.828s] Level 1:colcon.colcon_core.package_identification:_identify(.) by extensions ['colcon_pkg']
[1.829s] Level 1:colcon.colcon_core.package_identification:_identify(.) by extension 'colcon_pkg'
[1.829s] Level 1:colcon.colcon_core.package_identification:_identify(.) by extensions ['colcon_meta']
[1.829s] Level 1:colcon.colcon_core.package_identification:_identify(.) by extension 'colcon_meta'
[1.829s] Level 1:colcon.colcon_core.package_identification:_identify(.) by extensions ['ros']
[1.829s] Level 1:colcon.colcon_core.package_identification:_identify(.) by extension 'ros'
[1.915s] Level 1:colcon.colcon_core.package_identification:_identify(.) by extensions ['cmake', 'python']
[1.916s] Level 1:colcon.colcon_core.package_identification:_identify(.) by extension 'cmake'
[1.916s] Level 1:colcon.colcon_core.package_identification:_identify(.) by extension 'python'
[1.916s] Level 1:colcon.colcon_core.package_identification:_identify(.) by extensions ['python_setup_py']
[1.916s] Level 1:colcon.colcon_core.package_identification:_identify(.) by extension 'python_setup_py'
[1.917s] Level 1:colcon.colcon_core.package_identification:_identify(build) by extensions ['ignore', 'ignore_ament_install']
[1.917s] Level 1:colcon.colcon_core.package_identification:_identify(build) by extension 'ignore'
[1.918s] Level 1:colcon.colcon_core.package_identification:_identify(build) ignored
[1.918s] Level 1:colcon.colcon_core.package_identification:_identify(install) by extensions ['ignore', 'ignore_ament_install']
[1.919s] Level 1:colcon.colcon_core.package_identification:_identify(install) by extension 'ignore'
[1.919s] Level 1:colcon.colcon_core.package_identification:_identify(install) ignored
[1.920s] Level 1:colcon.colcon_core.package_identification:_identify(log) by extensions ['ignore', 'ignore_ament_install']
[1.920s] Level 1:colcon.colcon_core.package_identification:_identify(log) by extension 'ignore'
[1.920s] Level 1:colcon.colcon_core.package_identification:_identify(log) ignored
[1.921s] Level 1:colcon.colcon_core.package_identification:_identify(src) by extensions ['ignore', 'ignore_ament_install']
[1.921s] Level 1:colcon.colcon_core.package_identification:_identify(src) by extension 'ignore'
[1.921s] Level 1:colcon.colcon_core.package_identification:_identify(src) by extension 'ignore_ament_install'
[1.922s] Level 1:colcon.colcon_core.package_identification:_identify(src) by extensions ['colcon_pkg']
[1.922s] Level 1:colcon.colcon_core.package_identification:_identify(src) by extension 'colcon_pkg'
[1.922s] Level 1:colcon.colcon_core.package_identification:_identify(src) by extensions ['colcon_meta']
[1.922s] Level 1:colcon.colcon_core.package_identification:_identify(src) by extension 'colcon_meta'
[1.923s] Level 1:colcon.colcon_core.package_identification:_identify(src) by extensions ['ros']
[1.923s] Level 1:colcon.colcon_core.package_identification:_identify(src) by extension 'ros'
[1.923s] Level 1:colcon.colcon_core.package_identification:_identify(src) by extensions ['cmake', 'python']
[1.923s] Level 1:colcon.colcon_core.package_identification:_identify(src) by extension 'cmake'
[1.923s] Level 1:colcon.colcon_core.package_identification:_identify(src) by extension 'python'
[1.924s] Level 1:colcon.colcon_core.package_identification:_identify(src) by extensions ['python_setup_py']
[1.924s] Level 1:colcon.colcon_core.package_identification:_identify(src) by extension 'python_setup_py'
[1.924s] Level 1:colcon.colcon_core.package_identification:_identify(src/fish_sensor_pkg) by extensions ['ignore', 'ignore_ament_install']
[1.925s] Level 1:colcon.colcon_core.package_identification:_identify(src/fish_sensor_pkg) by extension 'ignore'
[1.925s] Level 1:colcon.colcon_core.package_identification:_identify(src/fish_sensor_pkg) by extension 'ignore_ament_install'
[1.925s] Level 1:colcon.colcon_core.package_identification:_identify(src/fish_sensor_pkg) by extensions ['colcon_pkg']
[1.926s] Level 1:colcon.colcon_core.package_identification:_identify(src/fish_sensor_pkg) by extension 'colcon_pkg'
[1.926s] Level 1:colcon.colcon_core.package_identification:_identify(src/fish_sensor_pkg) by extensions ['colcon_meta']
[1.926s] Level 1:colcon.colcon_core.package_identification:_identify(src/fish_sensor_pkg) by extension 'colcon_meta'
[1.926s] Level 1:colcon.colcon_core.package_identification:_identify(src/fish_sensor_pkg) by extensions ['ros']
[1.926s] Level 1:colcon.colcon_core.package_identification:_identify(src/fish_sensor_pkg) by extension 'ros'
[1.938s] DEBUG:colcon.colcon_core.package_identification:Package 'src/fish_sensor_pkg' with type 'ros.ament_cmake' and name 'fish_sensor_pkg'
[1.938s] Level 1:colcon.colcon_core.package_discovery:discover_packages(recursive) using defaults
[1.939s] Level 1:colcon.colcon_core.package_discovery:discover_packages(ignore) discover
[1.939s] Level 1:colcon.colcon_core.package_discovery:discover_packages(ignore) using defaults
[1.939s] Level 1:colcon.colcon_core.package_discovery:discover_packages(path) discover
[1.939s] Level 1:colcon.colcon_core.package_discovery:discover_packages(path) using defaults
[2.023s] Level 1:colcon.colcon_core.package_discovery:discover_packages(prefix_path) check parameters
[2.023s] Level 1:colcon.colcon_core.package_discovery:discover_packages(prefix_path) discover
[2.032s] DEBUG:colcon.colcon_installed_package_information.package_discovery:Found 1 installed packages in /home/a-raspi1/fishing_ws/install
[2.043s] DEBUG:colcon.colcon_installed_package_information.package_discovery:Found 271 installed packages in /opt/ros/humble
[2.054s] Level 1:colcon.colcon_core.package_discovery:discover_packages(prefix_path) using defaults
[2.246s] Level 5:colcon.colcon_core.verb:set package 'fish_sensor_pkg' build argument 'cmake_args' from command line to 'None'
[2.246s] Level 5:colcon.colcon_core.verb:set package 'fish_sensor_pkg' build argument 'cmake_target' from command line to 'None'
[2.246s] Level 5:colcon.colcon_core.verb:set package 'fish_sensor_pkg' build argument 'cmake_target_skip_unavailable' from command line to 'False'
[2.247s] Level 5:colcon.colcon_core.verb:set package 'fish_sensor_pkg' build argument 'cmake_clean_cache' from command line to 'False'
[2.247s] Level 5:colcon.colcon_core.verb:set package 'fish_sensor_pkg' build argument 'cmake_clean_first' from command line to 'False'
[2.247s] Level 5:colcon.colcon_core.verb:set package 'fish_sensor_pkg' build argument 'cmake_force_configure' from command line to 'False'
[2.247s] Level 5:colcon.colcon_core.verb:set package 'fish_sensor_pkg' build argument 'ament_cmake_args' from command line to 'None'
[2.247s] Level 5:colcon.colcon_core.verb:set package 'fish_sensor_pkg' build argument 'catkin_cmake_args' from command line to 'None'
[2.247s] Level 5:colcon.colcon_core.verb:set package 'fish_sensor_pkg' build argument 'catkin_skip_building_tests' from command line to 'False'
[2.247s] DEBUG:colcon.colcon_core.verb:Building package 'fish_sensor_pkg' with the following arguments: {'ament_cmake_args': None, 'build_base': '/home/a-raspi1/fishing_ws/build/fish_sensor_pkg', 'catkin_cmake_args': None, 'catkin_skip_building_tests': False, 'cmake_args': None, 'cmake_clean_cache': False, 'cmake_clean_first': False, 'cmake_force_configure': False, 'cmake_target': None, 'cmake_target_skip_unavailable': False, 'install_base': '/home/a-raspi1/fishing_ws/install/fish_sensor_pkg', 'merge_install': False, 'path': '/home/a-raspi1/fishing_ws/src/fish_sensor_pkg', 'symlink_install': False, 'test_result_base': None}
[2.248s] INFO:colcon.colcon_core.executor:Executing jobs using 'parallel' executor
[2.252s] DEBUG:colcon.colcon_parallel_executor.executor.parallel:run_until_complete
[2.253s] INFO:colcon.colcon_ros.task.ament_cmake.build:Building ROS package in '/home/a-raspi1/fishing_ws/src/fish_sensor_pkg' with build type 'ament_cmake'
[2.253s] INFO:colcon.colcon_cmake.task.cmake.build:Building CMake package in '/home/a-raspi1/fishing_ws/src/fish_sensor_pkg'
[2.264s] INFO:colcon.colcon_core.plugin_system:Skipping extension 'colcon_core.shell.bat': Not used on non-Windows systems
[2.265s] INFO:colcon.colcon_core.shell:Skip shell extension 'powershell' for command environment: Not usable outside of PowerShell
[2.265s] DEBUG:colcon.colcon_core.shell:Skip shell extension 'dsv' for command environment
[2.320s] DEBUG:colcon.colcon_core.event_handler.log_command:Invoking command in '/home/a-raspi1/fishing_ws/build/fish_sensor_pkg': CMAKE_PREFIX_PATH=${CMAKE_PREFIX_PATH}:/opt/ros/humble DEBUGINFOD_URLS=https://debuginfod.ubuntu.com /home/a-raspi1/.local/bin/cmake --build /home/a-raspi1/fishing_ws/build/fish_sensor_pkg -- -j4 -l4
[11.473s] DEBUG:colcon.colcon_core.event_handler.log_command:Invoked command in '/home/a-raspi1/fishing_ws/build/fish_sensor_pkg' returned '0': CMAKE_PREFIX_PATH=${CMAKE_PREFIX_PATH}:/opt/ros/humble DEBUGINFOD_URLS=https://debuginfod.ubuntu.com /home/a-raspi1/.local/bin/cmake --build /home/a-raspi1/fishing_ws/build/fish_sensor_pkg -- -j4 -l4
[11.655s] DEBUG:colcon.colcon_core.event_handler.log_command:Invoking command in '/home/a-raspi1/fishing_ws/build/fish_sensor_pkg': CMAKE_PREFIX_PATH=${CMAKE_PREFIX_PATH}:/opt/ros/humble DEBUGINFOD_URLS=https://debuginfod.ubuntu.com /home/a-raspi1/.local/bin/cmake --install /home/a-raspi1/fishing_ws/build/fish_sensor_pkg
[11.861s] Level 1:colcon.colcon_core.environment:create_environment_scripts_only(fish_sensor_pkg)
[11.863s] DEBUG:colcon.colcon_core.event_handler.log_command:Invoked command in '/home/a-raspi1/fishing_ws/build/fish_sensor_pkg' returned '0': CMAKE_PREFIX_PATH=${CMAKE_PREFIX_PATH}:/opt/ros/humble DEBUGINFOD_URLS=https://debuginfod.ubuntu.com /home/a-raspi1/.local/bin/cmake --install /home/a-raspi1/fishing_ws/build/fish_sensor_pkg
[11.874s] Level 1:colcon.colcon_core.environment:checking '/home/a-raspi1/fishing_ws/install/fish_sensor_pkg' for CMake module files
[11.878s] Level 1:colcon.colcon_core.environment:checking '/home/a-raspi1/fishing_ws/install/fish_sensor_pkg' for CMake config files
[11.880s] Level 1:colcon.colcon_core.shell:create_environment_hook('fish_sensor_pkg', 'cmake_prefix_path')
[11.881s] INFO:colcon.colcon_core.shell:Creating environment hook '/home/a-raspi1/fishing_ws/install/fish_sensor_pkg/share/fish_sensor_pkg/hook/cmake_prefix_path.ps1'
[11.884s] INFO:colcon.colcon_core.shell:Creating environment descriptor '/home/a-raspi1/fishing_ws/install/fish_sensor_pkg/share/fish_sensor_pkg/hook/cmake_prefix_path.dsv'
[11.887s] INFO:colcon.colcon_core.shell:Creating environment hook '/home/a-raspi1/fishing_ws/install/fish_sensor_pkg/share/fish_sensor_pkg/hook/cmake_prefix_path.sh'
[11.891s] Level 1:colcon.colcon_core.environment:checking '/home/a-raspi1/fishing_ws/install/fish_sensor_pkg/lib'
[11.892s] Level 1:colcon.colcon_core.environment:checking '/home/a-raspi1/fishing_ws/install/fish_sensor_pkg/bin'
[11.892s] Level 1:colcon.colcon_core.environment:checking '/home/a-raspi1/fishing_ws/install/fish_sensor_pkg/lib/pkgconfig/fish_sensor_pkg.pc'
[11.893s] Level 1:colcon.colcon_core.environment:checking '/home/a-raspi1/fishing_ws/install/fish_sensor_pkg/lib/python3.10/site-packages'
[11.895s] Level 1:colcon.colcon_core.environment:checking '/home/a-raspi1/fishing_ws/install/fish_sensor_pkg/bin'
[11.896s] INFO:colcon.colcon_core.shell:Creating package script '/home/a-raspi1/fishing_ws/install/fish_sensor_pkg/share/fish_sensor_pkg/package.ps1'
[11.900s] INFO:colcon.colcon_core.shell:Creating package descriptor '/home/a-raspi1/fishing_ws/install/fish_sensor_pkg/share/fish_sensor_pkg/package.dsv'
[11.903s] INFO:colcon.colcon_core.shell:Creating package script '/home/a-raspi1/fishing_ws/install/fish_sensor_pkg/share/fish_sensor_pkg/package.sh'
[11.907s] INFO:colcon.colcon_core.shell:Creating package script '/home/a-raspi1/fishing_ws/install/fish_sensor_pkg/share/fish_sensor_pkg/package.bash'
[11.911s] INFO:colcon.colcon_core.shell:Creating package script '/home/a-raspi1/fishing_ws/install/fish_sensor_pkg/share/fish_sensor_pkg/package.zsh'
[11.914s] Level 1:colcon.colcon_core.environment:create_file_with_runtime_dependencies(/home/a-raspi1/fishing_ws/install/fish_sensor_pkg/share/colcon-core/packages/fish_sensor_pkg)
[11.917s] Level 1:colcon.colcon_core.environment:create_environment_scripts_only(fish_sensor_pkg)
[11.918s] Level 1:colcon.colcon_core.environment:checking '/home/a-raspi1/fishing_ws/install/fish_sensor_pkg' for CMake module files
[11.922s] Level 1:colcon.colcon_core.environment:checking '/home/a-raspi1/fishing_ws/install/fish_sensor_pkg' for CMake config files
[11.925s] Level 1:colcon.colcon_core.shell:create_environment_hook('fish_sensor_pkg', 'cmake_prefix_path')
[11.926s] INFO:colcon.colcon_core.shell:Creating environment hook '/home/a-raspi1/fishing_ws/install/fish_sensor_pkg/share/fish_sensor_pkg/hook/cmake_prefix_path.ps1'
[11.928s] INFO:colcon.colcon_core.shell:Creating environment descriptor '/home/a-raspi1/fishing_ws/install/fish_sensor_pkg/share/fish_sensor_pkg/hook/cmake_prefix_path.dsv'
[11.931s] INFO:colcon.colcon_core.shell:Creating environment hook '/home/a-raspi1/fishing_ws/install/fish_sensor_pkg/share/fish_sensor_pkg/hook/cmake_prefix_path.sh'
[11.934s] Level 1:colcon.colcon_core.environment:checking '/home/a-raspi1/fishing_ws/install/fish_sensor_pkg/lib'
[11.934s] Level 1:colcon.colcon_core.environment:checking '/home/a-raspi1/fishing_ws/install/fish_sensor_pkg/bin'
[11.935s] Level 1:colcon.colcon_core.environment:checking '/home/a-raspi1/fishing_ws/install/fish_sensor_pkg/lib/pkgconfig/fish_sensor_pkg.pc'
[11.936s] Level 1:colcon.colcon_core.environment:checking '/home/a-raspi1/fishing_ws/install/fish_sensor_pkg/lib/python3.10/site-packages'
[11.937s] Level 1:colcon.colcon_core.environment:checking '/home/a-raspi1/fishing_ws/install/fish_sensor_pkg/bin'
[11.939s] INFO:colcon.colcon_core.shell:Creating package script '/home/a-raspi1/fishing_ws/install/fish_sensor_pkg/share/fish_sensor_pkg/package.ps1'
[11.941s] INFO:colcon.colcon_core.shell:Creating package descriptor '/home/a-raspi1/fishing_ws/install/fish_sensor_pkg/share/fish_sensor_pkg/package.dsv'
[11.944s] INFO:colcon.colcon_core.shell:Creating package script '/home/a-raspi1/fishing_ws/install/fish_sensor_pkg/share/fish_sensor_pkg/package.sh'
[11.946s] INFO:colcon.colcon_core.shell:Creating package script '/home/a-raspi1/fishing_ws/install/fish_sensor_pkg/share/fish_sensor_pkg/package.bash'
[11.950s] INFO:colcon.colcon_core.shell:Creating package script '/home/a-raspi1/fishing_ws/install/fish_sensor_pkg/share/fish_sensor_pkg/package.zsh'
[11.952s] Level 1:colcon.colcon_core.environment:create_file_with_runtime_dependencies(/home/a-raspi1/fishing_ws/install/fish_sensor_pkg/share/colcon-core/packages/fish_sensor_pkg)
[11.954s] DEBUG:colcon.colcon_parallel_executor.executor.parallel:closing loop
[11.955s] DEBUG:colcon.colcon_parallel_executor.executor.parallel:loop closed
[11.955s] DEBUG:colcon.colcon_parallel_executor.executor.parallel:run_until_complete finished with '0'
[11.956s] DEBUG:colcon.colcon_core.event_reactor:joining thread
[11.980s] INFO:colcon.colcon_core.plugin_system:Skipping extension 'colcon_notification.desktop_notification.terminal_notifier': Not used on non-Darwin systems
[11.981s] INFO:colcon.colcon_core.plugin_system:Skipping extension 'colcon_notification.desktop_notification.win32': Not used on non-Windows systems
[11.981s] INFO:colcon.colcon_notification.desktop_notification:Sending desktop notification using 'notify2'
[11.987s] DEBUG:colcon.colcon_notification.desktop_notification.notify2:Failed to initialize notify2: org.freedesktop.DBus.Error.ServiceUnknown: The name org.freedesktop.Notifications was not provided by any .service files
[11.987s] DEBUG:colcon.colcon_core.event_reactor:joined thread
[11.988s] INFO:colcon.colcon_core.shell:Creating prefix script '/home/a-raspi1/fishing_ws/install/local_setup.ps1'
[11.993s] INFO:colcon.colcon_core.shell:Creating prefix util module '/home/a-raspi1/fishing_ws/install/_local_setup_util_ps1.py'
[12.001s] INFO:colcon.colcon_core.shell:Creating prefix chain script '/home/a-raspi1/fishing_ws/install/setup.ps1'
[12.007s] INFO:colcon.colcon_core.shell:Creating prefix script '/home/a-raspi1/fishing_ws/install/local_setup.sh'
[12.010s] INFO:colcon.colcon_core.shell:Creating prefix util module '/home/a-raspi1/fishing_ws/install/_local_setup_util_sh.py'
[12.013s] INFO:colcon.colcon_core.shell:Creating prefix chain script '/home/a-raspi1/fishing_ws/install/setup.sh'
[12.019s] INFO:colcon.colcon_core.shell:Creating prefix script '/home/a-raspi1/fishing_ws/install/local_setup.bash'
[12.021s] INFO:colcon.colcon_core.shell:Creating prefix chain script '/home/a-raspi1/fishing_ws/install/setup.bash'
[12.026s] INFO:colcon.colcon_core.shell:Creating prefix script '/home/a-raspi1/fishing_ws/install/local_setup.zsh'
[12.029s] INFO:colcon.colcon_core.shell:Creating prefix chain script '/home/a-raspi1/fishing_ws/install/setup.zsh'
