[0.872s] DEBUG:colcon:Command line arguments: ['/usr/bin/colcon', 'build', '--packages-select', 'fish_sensor_pkg']
[0.873s] DEBUG:colcon:Parsed command line arguments: Namespace(log_base=None, log_level=None, verb_name='build', build_base='build', install_base='install', merge_install=False, symlink_install=False, test_result_base=None, continue_on_error=False, executor='parallel', parallel_workers=4, event_handlers=None, ignore_user_meta=False, metas=['./colcon.meta'], base_paths=['.'], packages_ignore=None, packages_ignore_regex=None, paths=None, packages_up_to=None, packages_up_to_regex=None, packages_above=None, packages_above_and_dependencies=None, packages_above_depth=None, packages_select_by_dep=None, packages_skip_by_dep=None, packages_skip_up_to=None, packages_select_build_failed=False, packages_skip_build_finished=False, packages_select_test_failures=False, packages_skip_test_passed=False, packages_select=['fish_sensor_pkg'], packages_skip=None, packages_select_regex=None, packages_skip_regex=None, packages_start=None, packages_end=None, allow_overriding=[], cmake_args=None, cmake_target=None, cmake_target_skip_unavailable=False, cmake_clean_cache=False, cmake_clean_first=False, cmake_force_configure=False, ament_cmake_args=None, catkin_cmake_args=None, catkin_skip_building_tests=False, verb_parser=<colcon_defaults.argument_parser.defaults.DefaultArgumentsDecorator object at 0xffffbc9f89d0>, verb_extension=<colcon_core.verb.build.BuildVerb object at 0xffffbcb9a4d0>, main=<bound method BuildVerb.main of <colcon_core.verb.build.BuildVerb object at 0xffffbcb9a4d0>>)
[2.924s] Level 1:colcon.colcon_core.package_discovery:discover_packages(colcon_meta) check parameters
[2.925s] Level 1:colcon.colcon_core.package_discovery:discover_packages(recursive) check parameters
[2.925s] Level 1:colcon.colcon_core.package_discovery:discover_packages(ignore) check parameters
[2.925s] Level 1:colcon.colcon_core.package_discovery:discover_packages(path) check parameters
[2.926s] Level 1:colcon.colcon_core.package_discovery:discover_packages(colcon_meta) discover
[2.926s] Level 1:colcon.colcon_core.package_discovery:discover_packages(recursive) discover
[2.926s] INFO:colcon.colcon_core.package_discovery:Crawling recursively for packages in '/home/a-raspi1/fishing_ws'
[2.927s] Level 1:colcon.colcon_core.package_identification:_identify(.) by extensions ['ignore', 'ignore_ament_install']
[2.927s] Level 1:colcon.colcon_core.package_identification:_identify(.) by extension 'ignore'
[2.928s] Level 1:colcon.colcon_core.package_identification:_identify(.) by extension 'ignore_ament_install'
[2.928s] Level 1:colcon.colcon_core.package_identification:_identify(.) by extensions ['colcon_pkg']
[2.928s] Level 1:colcon.colcon_core.package_identification:_identify(.) by extension 'colcon_pkg'
[2.928s] Level 1:colcon.colcon_core.package_identification:_identify(.) by extensions ['colcon_meta']
[2.929s] Level 1:colcon.colcon_core.package_identification:_identify(.) by extension 'colcon_meta'
[2.929s] Level 1:colcon.colcon_core.package_identification:_identify(.) by extensions ['ros']
[2.929s] Level 1:colcon.colcon_core.package_identification:_identify(.) by extension 'ros'
[3.043s] Level 1:colcon.colcon_core.package_identification:_identify(.) by extensions ['cmake', 'python']
[3.044s] Level 1:colcon.colcon_core.package_identification:_identify(.) by extension 'cmake'
[3.044s] Level 1:colcon.colcon_core.package_identification:_identify(.) by extension 'python'
[3.044s] Level 1:colcon.colcon_core.package_identification:_identify(.) by extensions ['python_setup_py']
[3.044s] Level 1:colcon.colcon_core.package_identification:_identify(.) by extension 'python_setup_py'
[3.045s] Level 1:colcon.colcon_core.package_identification:_identify(build) by extensions ['ignore', 'ignore_ament_install']
[3.045s] Level 1:colcon.colcon_core.package_identification:_identify(build) by extension 'ignore'
[3.046s] Level 1:colcon.colcon_core.package_identification:_identify(build) ignored
[3.046s] Level 1:colcon.colcon_core.package_identification:_identify(install) by extensions ['ignore', 'ignore_ament_install']
[3.047s] Level 1:colcon.colcon_core.package_identification:_identify(install) by extension 'ignore'
[3.047s] Level 1:colcon.colcon_core.package_identification:_identify(install) ignored
[3.048s] Level 1:colcon.colcon_core.package_identification:_identify(log) by extensions ['ignore', 'ignore_ament_install']
[3.048s] Level 1:colcon.colcon_core.package_identification:_identify(log) by extension 'ignore'
[3.048s] Level 1:colcon.colcon_core.package_identification:_identify(log) ignored
[3.049s] Level 1:colcon.colcon_core.package_identification:_identify(src) by extensions ['ignore', 'ignore_ament_install']
[3.049s] Level 1:colcon.colcon_core.package_identification:_identify(src) by extension 'ignore'
[3.049s] Level 1:colcon.colcon_core.package_identification:_identify(src) by extension 'ignore_ament_install'
[3.050s] Level 1:colcon.colcon_core.package_identification:_identify(src) by extensions ['colcon_pkg']
[3.050s] Level 1:colcon.colcon_core.package_identification:_identify(src) by extension 'colcon_pkg'
[3.050s] Level 1:colcon.colcon_core.package_identification:_identify(src) by extensions ['colcon_meta']
[3.050s] Level 1:colcon.colcon_core.package_identification:_identify(src) by extension 'colcon_meta'
[3.050s] Level 1:colcon.colcon_core.package_identification:_identify(src) by extensions ['ros']
[3.051s] Level 1:colcon.colcon_core.package_identification:_identify(src) by extension 'ros'
[3.051s] Level 1:colcon.colcon_core.package_identification:_identify(src) by extensions ['cmake', 'python']
[3.051s] Level 1:colcon.colcon_core.package_identification:_identify(src) by extension 'cmake'
[3.051s] Level 1:colcon.colcon_core.package_identification:_identify(src) by extension 'python'
[3.052s] Level 1:colcon.colcon_core.package_identification:_identify(src) by extensions ['python_setup_py']
[3.052s] Level 1:colcon.colcon_core.package_identification:_identify(src) by extension 'python_setup_py'
[3.052s] Level 1:colcon.colcon_core.package_identification:_identify(src/fish_sensor_pkg) by extensions ['ignore', 'ignore_ament_install']
[3.053s] Level 1:colcon.colcon_core.package_identification:_identify(src/fish_sensor_pkg) by extension 'ignore'
[3.053s] Level 1:colcon.colcon_core.package_identification:_identify(src/fish_sensor_pkg) by extension 'ignore_ament_install'
[3.053s] Level 1:colcon.colcon_core.package_identification:_identify(src/fish_sensor_pkg) by extensions ['colcon_pkg']
[3.054s] Level 1:colcon.colcon_core.package_identification:_identify(src/fish_sensor_pkg) by extension 'colcon_pkg'
[3.054s] Level 1:colcon.colcon_core.package_identification:_identify(src/fish_sensor_pkg) by extensions ['colcon_meta']
[3.054s] Level 1:colcon.colcon_core.package_identification:_identify(src/fish_sensor_pkg) by extension 'colcon_meta'
[3.054s] Level 1:colcon.colcon_core.package_identification:_identify(src/fish_sensor_pkg) by extensions ['ros']
[3.055s] Level 1:colcon.colcon_core.package_identification:_identify(src/fish_sensor_pkg) by extension 'ros'
[3.072s] DEBUG:colcon.colcon_core.package_identification:Package 'src/fish_sensor_pkg' with type 'ros.ament_cmake' and name 'fish_sensor_pkg'
[3.073s] Level 1:colcon.colcon_core.package_discovery:discover_packages(recursive) using defaults
[3.073s] Level 1:colcon.colcon_core.package_discovery:discover_packages(ignore) discover
[3.073s] Level 1:colcon.colcon_core.package_discovery:discover_packages(ignore) using defaults
[3.074s] Level 1:colcon.colcon_core.package_discovery:discover_packages(path) discover
[3.074s] Level 1:colcon.colcon_core.package_discovery:discover_packages(path) using defaults
[3.229s] Level 1:colcon.colcon_core.package_discovery:discover_packages(prefix_path) check parameters
[3.229s] Level 1:colcon.colcon_core.package_discovery:discover_packages(prefix_path) discover
[3.238s] WARNING:colcon.colcon_ros.prefix_path.ament:The path '/home/a-raspi1/fishing_ws/install/fish_sensor_pkg' in the environment variable AMENT_PREFIX_PATH doesn't exist
[3.239s] WARNING:colcon.colcon_ros.prefix_path.catkin:The path '/home/a-raspi1/fishing_ws/install/fish_sensor_pkg' in the environment variable CMAKE_PREFIX_PATH doesn't exist
[3.244s] DEBUG:colcon.colcon_installed_package_information.package_discovery:Found 0 installed packages in /home/a-raspi1/fishing_ws/install
[3.256s] DEBUG:colcon.colcon_installed_package_information.package_discovery:Found 271 installed packages in /opt/ros/humble
[3.267s] Level 1:colcon.colcon_core.package_discovery:discover_packages(prefix_path) using defaults
[3.466s] Level 5:colcon.colcon_core.verb:set package 'fish_sensor_pkg' build argument 'cmake_args' from command line to 'None'
[3.466s] Level 5:colcon.colcon_core.verb:set package 'fish_sensor_pkg' build argument 'cmake_target' from command line to 'None'
[3.466s] Level 5:colcon.colcon_core.verb:set package 'fish_sensor_pkg' build argument 'cmake_target_skip_unavailable' from command line to 'False'
[3.466s] Level 5:colcon.colcon_core.verb:set package 'fish_sensor_pkg' build argument 'cmake_clean_cache' from command line to 'False'
[3.467s] Level 5:colcon.colcon_core.verb:set package 'fish_sensor_pkg' build argument 'cmake_clean_first' from command line to 'False'
[3.467s] Level 5:colcon.colcon_core.verb:set package 'fish_sensor_pkg' build argument 'cmake_force_configure' from command line to 'False'
[3.467s] Level 5:colcon.colcon_core.verb:set package 'fish_sensor_pkg' build argument 'ament_cmake_args' from command line to 'None'
[3.467s] Level 5:colcon.colcon_core.verb:set package 'fish_sensor_pkg' build argument 'catkin_cmake_args' from command line to 'None'
[3.467s] Level 5:colcon.colcon_core.verb:set package 'fish_sensor_pkg' build argument 'catkin_skip_building_tests' from command line to 'False'
[3.467s] DEBUG:colcon.colcon_core.verb:Building package 'fish_sensor_pkg' with the following arguments: {'ament_cmake_args': None, 'build_base': '/home/a-raspi1/fishing_ws/build/fish_sensor_pkg', 'catkin_cmake_args': None, 'catkin_skip_building_tests': False, 'cmake_args': None, 'cmake_clean_cache': False, 'cmake_clean_first': False, 'cmake_force_configure': False, 'cmake_target': None, 'cmake_target_skip_unavailable': False, 'install_base': '/home/a-raspi1/fishing_ws/install/fish_sensor_pkg', 'merge_install': False, 'path': '/home/a-raspi1/fishing_ws/src/fish_sensor_pkg', 'symlink_install': False, 'test_result_base': None}
[3.468s] INFO:colcon.colcon_core.executor:Executing jobs using 'parallel' executor
[3.472s] DEBUG:colcon.colcon_parallel_executor.executor.parallel:run_until_complete
[3.473s] INFO:colcon.colcon_ros.task.ament_cmake.build:Building ROS package in '/home/a-raspi1/fishing_ws/src/fish_sensor_pkg' with build type 'ament_cmake'
[3.473s] INFO:colcon.colcon_cmake.task.cmake.build:Building CMake package in '/home/a-raspi1/fishing_ws/src/fish_sensor_pkg'
[3.498s] INFO:colcon.colcon_core.plugin_system:Skipping extension 'colcon_core.shell.bat': Not used on non-Windows systems
[3.499s] INFO:colcon.colcon_core.shell:Skip shell extension 'powershell' for command environment: Not usable outside of PowerShell
[3.500s] DEBUG:colcon.colcon_core.shell:Skip shell extension 'dsv' for command environment
[3.542s] DEBUG:colcon.colcon_core.event_handler.log_command:Invoking command in '/home/a-raspi1/fishing_ws/build/fish_sensor_pkg': CMAKE_PREFIX_PATH=${CMAKE_PREFIX_PATH}:/opt/ros/humble DEBUGINFOD_URLS=https://debuginfod.ubuntu.com /home/a-raspi1/.local/bin/cmake /home/a-raspi1/fishing_ws/src/fish_sensor_pkg -DCMAKE_INSTALL_PREFIX=/home/a-raspi1/fishing_ws/install/fish_sensor_pkg
[15.313s] DEBUG:colcon.colcon_core.event_handler.log_command:Invoked command in '/home/a-raspi1/fishing_ws/build/fish_sensor_pkg' returned '0': CMAKE_PREFIX_PATH=${CMAKE_PREFIX_PATH}:/opt/ros/humble DEBUGINFOD_URLS=https://debuginfod.ubuntu.com /home/a-raspi1/.local/bin/cmake /home/a-raspi1/fishing_ws/src/fish_sensor_pkg -DCMAKE_INSTALL_PREFIX=/home/a-raspi1/fishing_ws/install/fish_sensor_pkg
[15.325s] DEBUG:colcon.colcon_core.event_handler.log_command:Invoking command in '/home/a-raspi1/fishing_ws/build/fish_sensor_pkg': CMAKE_PREFIX_PATH=${CMAKE_PREFIX_PATH}:/opt/ros/humble DEBUGINFOD_URLS=https://debuginfod.ubuntu.com /home/a-raspi1/.local/bin/cmake --build /home/a-raspi1/fishing_ws/build/fish_sensor_pkg -- -j4 -l4
[46.708s] DEBUG:colcon.colcon_core.event_handler.log_command:Invoked command in '/home/a-raspi1/fishing_ws/build/fish_sensor_pkg' returned '0': CMAKE_PREFIX_PATH=${CMAKE_PREFIX_PATH}:/opt/ros/humble DEBUGINFOD_URLS=https://debuginfod.ubuntu.com /home/a-raspi1/.local/bin/cmake --build /home/a-raspi1/fishing_ws/build/fish_sensor_pkg -- -j4 -l4
[46.901s] DEBUG:colcon.colcon_core.event_handler.log_command:Invoking command in '/home/a-raspi1/fishing_ws/build/fish_sensor_pkg': CMAKE_PREFIX_PATH=${CMAKE_PREFIX_PATH}:/opt/ros/humble DEBUGINFOD_URLS=https://debuginfod.ubuntu.com /home/a-raspi1/.local/bin/cmake --install /home/a-raspi1/fishing_ws/build/fish_sensor_pkg
[47.124s] Level 1:colcon.colcon_core.environment:create_environment_scripts_only(fish_sensor_pkg)
[47.126s] DEBUG:colcon.colcon_core.event_handler.log_command:Invoked command in '/home/a-raspi1/fishing_ws/build/fish_sensor_pkg' returned '0': CMAKE_PREFIX_PATH=${CMAKE_PREFIX_PATH}:/opt/ros/humble DEBUGINFOD_URLS=https://debuginfod.ubuntu.com /home/a-raspi1/.local/bin/cmake --install /home/a-raspi1/fishing_ws/build/fish_sensor_pkg
[47.151s] Level 1:colcon.colcon_core.environment:checking '/home/a-raspi1/fishing_ws/install/fish_sensor_pkg' for CMake module files
[47.155s] Level 1:colcon.colcon_core.environment:checking '/home/a-raspi1/fishing_ws/install/fish_sensor_pkg' for CMake config files
[47.157s] Level 1:colcon.colcon_core.shell:create_environment_hook('fish_sensor_pkg', 'cmake_prefix_path')
[47.158s] INFO:colcon.colcon_core.shell:Creating environment hook '/home/a-raspi1/fishing_ws/install/fish_sensor_pkg/share/fish_sensor_pkg/hook/cmake_prefix_path.ps1'
[47.163s] INFO:colcon.colcon_core.shell:Creating environment descriptor '/home/a-raspi1/fishing_ws/install/fish_sensor_pkg/share/fish_sensor_pkg/hook/cmake_prefix_path.dsv'
[47.166s] INFO:colcon.colcon_core.shell:Creating environment hook '/home/a-raspi1/fishing_ws/install/fish_sensor_pkg/share/fish_sensor_pkg/hook/cmake_prefix_path.sh'
[47.171s] Level 1:colcon.colcon_core.environment:checking '/home/a-raspi1/fishing_ws/install/fish_sensor_pkg/lib'
[47.172s] Level 1:colcon.colcon_core.environment:checking '/home/a-raspi1/fishing_ws/install/fish_sensor_pkg/bin'
[47.172s] Level 1:colcon.colcon_core.environment:checking '/home/a-raspi1/fishing_ws/install/fish_sensor_pkg/lib/pkgconfig/fish_sensor_pkg.pc'
[47.173s] Level 1:colcon.colcon_core.environment:checking '/home/a-raspi1/fishing_ws/install/fish_sensor_pkg/lib/python3.10/site-packages'
[47.175s] Level 1:colcon.colcon_core.environment:checking '/home/a-raspi1/fishing_ws/install/fish_sensor_pkg/bin'
[47.176s] INFO:colcon.colcon_core.shell:Creating package script '/home/a-raspi1/fishing_ws/install/fish_sensor_pkg/share/fish_sensor_pkg/package.ps1'
[47.181s] INFO:colcon.colcon_core.shell:Creating package descriptor '/home/a-raspi1/fishing_ws/install/fish_sensor_pkg/share/fish_sensor_pkg/package.dsv'
[47.185s] INFO:colcon.colcon_core.shell:Creating package script '/home/a-raspi1/fishing_ws/install/fish_sensor_pkg/share/fish_sensor_pkg/package.sh'
[47.189s] INFO:colcon.colcon_core.shell:Creating package script '/home/a-raspi1/fishing_ws/install/fish_sensor_pkg/share/fish_sensor_pkg/package.bash'
[47.193s] INFO:colcon.colcon_core.shell:Creating package script '/home/a-raspi1/fishing_ws/install/fish_sensor_pkg/share/fish_sensor_pkg/package.zsh'
[47.198s] Level 1:colcon.colcon_core.environment:create_file_with_runtime_dependencies(/home/a-raspi1/fishing_ws/install/fish_sensor_pkg/share/colcon-core/packages/fish_sensor_pkg)
[47.201s] Level 1:colcon.colcon_core.environment:create_environment_scripts_only(fish_sensor_pkg)
[47.202s] Level 1:colcon.colcon_core.environment:checking '/home/a-raspi1/fishing_ws/install/fish_sensor_pkg' for CMake module files
[47.206s] Level 1:colcon.colcon_core.environment:checking '/home/a-raspi1/fishing_ws/install/fish_sensor_pkg' for CMake config files
[47.209s] Level 1:colcon.colcon_core.shell:create_environment_hook('fish_sensor_pkg', 'cmake_prefix_path')
[47.210s] INFO:colcon.colcon_core.shell:Creating environment hook '/home/a-raspi1/fishing_ws/install/fish_sensor_pkg/share/fish_sensor_pkg/hook/cmake_prefix_path.ps1'
[47.213s] INFO:colcon.colcon_core.shell:Creating environment descriptor '/home/a-raspi1/fishing_ws/install/fish_sensor_pkg/share/fish_sensor_pkg/hook/cmake_prefix_path.dsv'
[47.215s] INFO:colcon.colcon_core.shell:Creating environment hook '/home/a-raspi1/fishing_ws/install/fish_sensor_pkg/share/fish_sensor_pkg/hook/cmake_prefix_path.sh'
[47.218s] Level 1:colcon.colcon_core.environment:checking '/home/a-raspi1/fishing_ws/install/fish_sensor_pkg/lib'
[47.219s] Level 1:colcon.colcon_core.environment:checking '/home/a-raspi1/fishing_ws/install/fish_sensor_pkg/bin'
[47.219s] Level 1:colcon.colcon_core.environment:checking '/home/a-raspi1/fishing_ws/install/fish_sensor_pkg/lib/pkgconfig/fish_sensor_pkg.pc'
[47.220s] Level 1:colcon.colcon_core.environment:checking '/home/a-raspi1/fishing_ws/install/fish_sensor_pkg/lib/python3.10/site-packages'
[47.222s] Level 1:colcon.colcon_core.environment:checking '/home/a-raspi1/fishing_ws/install/fish_sensor_pkg/bin'
[47.223s] INFO:colcon.colcon_core.shell:Creating package script '/home/a-raspi1/fishing_ws/install/fish_sensor_pkg/share/fish_sensor_pkg/package.ps1'
[47.225s] INFO:colcon.colcon_core.shell:Creating package descriptor '/home/a-raspi1/fishing_ws/install/fish_sensor_pkg/share/fish_sensor_pkg/package.dsv'
[47.228s] INFO:colcon.colcon_core.shell:Creating package script '/home/a-raspi1/fishing_ws/install/fish_sensor_pkg/share/fish_sensor_pkg/package.sh'
[47.230s] INFO:colcon.colcon_core.shell:Creating package script '/home/a-raspi1/fishing_ws/install/fish_sensor_pkg/share/fish_sensor_pkg/package.bash'
[47.233s] INFO:colcon.colcon_core.shell:Creating package script '/home/a-raspi1/fishing_ws/install/fish_sensor_pkg/share/fish_sensor_pkg/package.zsh'
[47.236s] Level 1:colcon.colcon_core.environment:create_file_with_runtime_dependencies(/home/a-raspi1/fishing_ws/install/fish_sensor_pkg/share/colcon-core/packages/fish_sensor_pkg)
[47.237s] DEBUG:colcon.colcon_parallel_executor.executor.parallel:closing loop
[47.239s] DEBUG:colcon.colcon_parallel_executor.executor.parallel:loop closed
[47.239s] DEBUG:colcon.colcon_parallel_executor.executor.parallel:run_until_complete finished with '0'
[47.239s] DEBUG:colcon.colcon_core.event_reactor:joining thread
[47.270s] INFO:colcon.colcon_core.plugin_system:Skipping extension 'colcon_notification.desktop_notification.terminal_notifier': Not used on non-Darwin systems
[47.270s] INFO:colcon.colcon_core.plugin_system:Skipping extension 'colcon_notification.desktop_notification.win32': Not used on non-Windows systems
[47.271s] INFO:colcon.colcon_notification.desktop_notification:Sending desktop notification using 'notify2'
[47.277s] DEBUG:colcon.colcon_notification.desktop_notification.notify2:Failed to initialize notify2: org.freedesktop.DBus.Error.ServiceUnknown: The name org.freedesktop.Notifications was not provided by any .service files
[47.277s] DEBUG:colcon.colcon_core.event_reactor:joined thread
[47.278s] INFO:colcon.colcon_core.shell:Creating prefix script '/home/a-raspi1/fishing_ws/install/local_setup.ps1'
[47.284s] INFO:colcon.colcon_core.shell:Creating prefix util module '/home/a-raspi1/fishing_ws/install/_local_setup_util_ps1.py'
[47.293s] INFO:colcon.colcon_core.shell:Creating prefix chain script '/home/a-raspi1/fishing_ws/install/setup.ps1'
[47.301s] INFO:colcon.colcon_core.shell:Creating prefix script '/home/a-raspi1/fishing_ws/install/local_setup.sh'
[47.304s] INFO:colcon.colcon_core.shell:Creating prefix util module '/home/a-raspi1/fishing_ws/install/_local_setup_util_sh.py'
[47.307s] INFO:colcon.colcon_core.shell:Creating prefix chain script '/home/a-raspi1/fishing_ws/install/setup.sh'
[47.314s] INFO:colcon.colcon_core.shell:Creating prefix script '/home/a-raspi1/fishing_ws/install/local_setup.bash'
[47.317s] INFO:colcon.colcon_core.shell:Creating prefix chain script '/home/a-raspi1/fishing_ws/install/setup.bash'
[47.323s] INFO:colcon.colcon_core.shell:Creating prefix script '/home/a-raspi1/fishing_ws/install/local_setup.zsh'
[47.326s] INFO:colcon.colcon_core.shell:Creating prefix chain script '/home/a-raspi1/fishing_ws/install/setup.zsh'
