-- Found ament_cmake: 1.3.12 (/opt/ros/humble/share/ament_cmake/cmake)
-- Found rclcpp: 16.0.15 (/opt/ros/humble/share/rclcpp/cmake)
-- Found rosidl_generator_c: 3.1.7 (/opt/ros/humble/share/rosidl_generator_c/cmake)
-- Found rosidl_adapter: 3.1.7 (/opt/ros/humble/share/rosidl_adapter/cmake)
-- Found rosidl_generator_cpp: 3.1.7 (/opt/ros/humble/share/rosidl_generator_cpp/cmake)
-- Using all available rosidl_typesupport_c: rosidl_typesupport_fastrtps_c;rosidl_typesupport_introspection_c
-- Using all available rosidl_typesupport_cpp: rosidl_typesupport_fastrtps_cpp;rosidl_typesupport_introspection_cpp
-- Found rmw_implementation_cmake: 6.1.2 (/opt/ros/humble/share/rmw_implementation_cmake/cmake)
-- Found rmw_fastrtps_cpp: 6.2.8 (/opt/ros/humble/share/rmw_fastrtps_cpp/cmake)
-- Using RMW implementation 'rmw_fastrtps_cpp' as default
-- Found sensor_msgs: 4.9.0 (/opt/ros/humble/share/sensor_msgs/cmake)
-- Found rclcpp_components: 16.0.15 (/opt/ros/humble/share/rclcpp_components/cmake)
-- Configuring done (4.0s)
-- Generating done (0.1s)
-- Build files have been written to: /home/a-raspi1/fishing_ws/build/fish_sensor_pkg
[ 20%] Built target i2c_device
[ 40%] Built target madgwick_filter
[ 70%] [32mBuilding CXX object CMakeFiles/mpu6500.dir/src/mpu6500.cpp.o[0m
[ 70%] Built target as5600
[01m[K/home/a-raspi1/fishing_ws/src/fish_sensor_pkg/src/mpu6500.cpp:15:1:[m[K [01;31m[Kerror: [m[Kno declaration matches ‘[01m[KMPU6500::MPU6500(const string&, uint8_t)[m[K’
   15 | [01;31m[KMPU6500[m[K::MPU6500(const std::string& bus, uint8_t address) {
      | [01;31m[K^~~~~~~[m[K
In file included from [01m[K/home/a-raspi1/fishing_ws/src/fish_sensor_pkg/src/mpu6500.cpp:1[m[K:
[01m[K/home/a-raspi1/fishing_ws/src/fish_sensor_pkg/include/fish_sensor_pkg/mpu6500.hpp:14:7:[m[K [01;36m[Knote: [m[Kcandidates are: ‘[01m[KMPU6500::MPU6500(MPU6500&&)[m[K’
   14 | class [01;36m[KMPU6500[m[K {
      |       [01;36m[K^~~~~~~[m[K
[01m[K/home/a-raspi1/fishing_ws/src/fish_sensor_pkg/include/fish_sensor_pkg/mpu6500.hpp:14:7:[m[K [01;36m[Knote: [m[K                ‘[01m[KMPU6500::MPU6500(const MPU6500&)[m[K’
[01m[K/home/a-raspi1/fishing_ws/src/fish_sensor_pkg/include/fish_sensor_pkg/mpu6500.hpp:17:5:[m[K [01;36m[Knote: [m[K                ‘[01m[KMPU6500::MPU6500(const string&, uint8_t, rclcpp::Logger)[m[K’
   17 |     [01;36m[KMPU6500[m[K(const std::string& bus, uint8_t address, rclcpp::Logger logger);
      |     [01;36m[K^~~~~~~[m[K
[01m[K/home/a-raspi1/fishing_ws/src/fish_sensor_pkg/include/fish_sensor_pkg/mpu6500.hpp:14:7:[m[K [01;36m[Knote: [m[K‘[01m[Kclass MPU6500[m[K’ defined here
   14 | class [01;36m[KMPU6500[m[K {
      |       [01;36m[K^~~~~~~[m[K
gmake[2]: *** [CMakeFiles/mpu6500.dir/build.make:76: CMakeFiles/mpu6500.dir/src/mpu6500.cpp.o] エラー 1
gmake[1]: *** [CMakeFiles/Makefile2:171: CMakeFiles/mpu6500.dir/all] エラー 2
gmake: *** [Makefile:146: all] エラー 2
