[0.055s] Invoking command in '/home/a-raspi1/fishing_ws/build/fish_sensor_pkg': CMAKE_PREFIX_PATH=${CMAKE_PREFIX_PATH}:/opt/ros/humble DEBUGINFOD_URLS=https://debuginfod.ubuntu.com /home/a-raspi1/.local/bin/cmake --build /home/a-raspi1/fishing_ws/build/fish_sensor_pkg -- -j4 -l4
[0.285s] -- Found ament_cmake: 1.3.12 (/opt/ros/humble/share/ament_cmake/cmake)
[1.399s] -- Found rclcpp: 16.0.15 (/opt/ros/humble/share/rclcpp/cmake)
[1.646s] -- Found rosidl_generator_c: 3.1.7 (/opt/ros/humble/share/rosidl_generator_c/cmake)
[1.663s] -- Found rosidl_adapter: 3.1.7 (/opt/ros/humble/share/rosidl_adapter/cmake)
[1.701s] -- Found rosidl_generator_cpp: 3.1.7 (/opt/ros/humble/share/rosidl_generator_cpp/cmake)
[1.764s] -- Using all available rosidl_typesupport_c: rosidl_typesupport_fastrtps_c;rosidl_typesupport_introspection_c
[1.848s] -- Using all available rosidl_typesupport_cpp: rosidl_typesupport_fastrtps_cpp;rosidl_typesupport_introspection_cpp
[2.056s] -- Found rmw_implementation_cmake: 6.1.2 (/opt/ros/humble/share/rmw_implementation_cmake/cmake)
[2.065s] -- Found rmw_fastrtps_cpp: 6.2.8 (/opt/ros/humble/share/rmw_fastrtps_cpp/cmake)
[3.279s] -- Using RMW implementation 'rmw_fastrtps_cpp' as default
[3.588s] -- Found sensor_msgs: 4.9.0 (/opt/ros/humble/share/sensor_msgs/cmake)
[3.771s] -- Found rclcpp_components: 16.0.15 (/opt/ros/humble/share/rclcpp_components/cmake)
[4.248s] -- Configuring done (4.0s)
[4.375s] -- Generating done (0.1s)
[4.406s] -- Build files have been written to: /home/a-raspi1/fishing_ws/build/fish_sensor_pkg
[4.539s] [ 20%] Built target i2c_device
[4.547s] [ 40%] Built target madgwick_filter
[4.614s] [ 70%] [32mBuilding CXX object CMakeFiles/mpu6500.dir/src/mpu6500.cpp.o[0m
[4.615s] [ 70%] Built target as5600
[16.083s] [01m[K/home/a-raspi1/fishing_ws/src/fish_sensor_pkg/src/mpu6500.cpp:15:1:[m[K [01;31m[Kerror: [m[Kno declaration matches ‘[01m[KMPU6500::MPU6500(const string&, uint8_t)[m[K’
[16.083s]    15 | [01;31m[KMPU6500[m[K::MPU6500(const std::string& bus, uint8_t address) {
[16.084s]       | [01;31m[K^~~~~~~[m[K
[16.084s] In file included from [01m[K/home/a-raspi1/fishing_ws/src/fish_sensor_pkg/src/mpu6500.cpp:1[m[K:
[16.085s] [01m[K/home/a-raspi1/fishing_ws/src/fish_sensor_pkg/include/fish_sensor_pkg/mpu6500.hpp:14:7:[m[K [01;36m[Knote: [m[Kcandidates are: ‘[01m[KMPU6500::MPU6500(MPU6500&&)[m[K’
[16.085s]    14 | class [01;36m[KMPU6500[m[K {
[16.086s]       |       [01;36m[K^~~~~~~[m[K
[16.086s] [01m[K/home/a-raspi1/fishing_ws/src/fish_sensor_pkg/include/fish_sensor_pkg/mpu6500.hpp:14:7:[m[K [01;36m[Knote: [m[K                ‘[01m[KMPU6500::MPU6500(const MPU6500&)[m[K’
[16.087s] [01m[K/home/a-raspi1/fishing_ws/src/fish_sensor_pkg/include/fish_sensor_pkg/mpu6500.hpp:17:5:[m[K [01;36m[Knote: [m[K                ‘[01m[KMPU6500::MPU6500(const string&, uint8_t, rclcpp::Logger)[m[K’
[16.087s]    17 |     [01;36m[KMPU6500[m[K(const std::string& bus, uint8_t address, rclcpp::Logger logger);
[16.088s]       |     [01;36m[K^~~~~~~[m[K
[16.088s] [01m[K/home/a-raspi1/fishing_ws/src/fish_sensor_pkg/include/fish_sensor_pkg/mpu6500.hpp:14:7:[m[K [01;36m[Knote: [m[K‘[01m[Kclass MPU6500[m[K’ defined here
[16.089s]    14 | class [01;36m[KMPU6500[m[K {
[16.089s]       |       [01;36m[K^~~~~~~[m[K
[17.825s] gmake[2]: *** [CMakeFiles/mpu6500.dir/build.make:76: CMakeFiles/mpu6500.dir/src/mpu6500.cpp.o] エラー 1
[17.826s] gmake[1]: *** [CMakeFiles/Makefile2:171: CMakeFiles/mpu6500.dir/all] エラー 2
[17.828s] gmake: *** [Makefile:146: all] エラー 2
[17.857s] Invoked command in '/home/a-raspi1/fishing_ws/build/fish_sensor_pkg' returned '2': CMAKE_PREFIX_PATH=${CMAKE_PREFIX_PATH}:/opt/ros/humble DEBUGINFOD_URLS=https://debuginfod.ubuntu.com /home/a-raspi1/.local/bin/cmake --build /home/a-raspi1/fishing_ws/build/fish_sensor_pkg -- -j4 -l4
