[0.054s] Invoking command in '/home/a-raspi1/fishing_ws/build/fish_sensor_pkg': CMAKE_PREFIX_PATH=${CMAKE_PREFIX_PATH}:/opt/ros/humble DEBUGINFOD_URLS=https://debuginfod.ubuntu.com /home/a-raspi1/.local/bin/cmake --build /home/a-raspi1/fishing_ws/build/fish_sensor_pkg -- -j4 -l4
[0.336s] [ 20%] Built target i2c_device
[0.365s] [ 40%] Built target madgwick_filter
[0.400s] [ 60%] Built target as5600
[0.422s] [ 70%] [32mBuilding CXX object CMakeFiles/mpu6500.dir/src/mpu6500.cpp.o[0m
[13.400s] [ 80%] [32m[1mLinking CXX static library libmpu6500.a[0m
[13.481s] [ 80%] Built target mpu6500
[13.571s] [ 90%] [32m[1mLinking CXX executable fish_sensor_node[0m
[14.745s] [100%] Built target fish_sensor_node
[14.789s] Invoked command in '/home/a-raspi1/fishing_ws/build/fish_sensor_pkg' returned '0': CMAKE_PREFIX_PATH=${CMAKE_PREFIX_PATH}:/opt/ros/humble DEBUGINFOD_URLS=https://debuginfod.ubuntu.com /home/a-raspi1/.local/bin/cmake --build /home/a-raspi1/fishing_ws/build/fish_sensor_pkg -- -j4 -l4
[14.970s] Invoking command in '/home/a-raspi1/fishing_ws/build/fish_sensor_pkg': CMAKE_PREFIX_PATH=${CMAKE_PREFIX_PATH}:/opt/ros/humble DEBUGINFOD_URLS=https://debuginfod.ubuntu.com /home/a-raspi1/.local/bin/cmake --install /home/a-raspi1/fishing_ws/build/fish_sensor_pkg
[15.117s] -- Install configuration: ""
[15.118s] -- Installing: /home/a-raspi1/fishing_ws/install/fish_sensor_pkg/lib/fish_sensor_pkg/fish_sensor_node
[15.135s] -- Set runtime path of "/home/a-raspi1/fishing_ws/install/fish_sensor_pkg/lib/fish_sensor_pkg/fish_sensor_node" to ""
[15.135s] -- Up-to-date: /home/a-raspi1/fishing_ws/install/fish_sensor_pkg/include
[15.136s] -- Up-to-date: /home/a-raspi1/fishing_ws/install/fish_sensor_pkg/include/fish_sensor_pkg
[15.137s] -- Up-to-date: /home/a-raspi1/fishing_ws/install/fish_sensor_pkg/include/fish_sensor_pkg/mpu6500.hpp
[15.137s] -- Up-to-date: /home/a-raspi1/fishing_ws/install/fish_sensor_pkg/include/fish_sensor_pkg/as5600.hpp
[15.137s] -- Up-to-date: /home/a-raspi1/fishing_ws/install/fish_sensor_pkg/include/fish_sensor_pkg/i2c_device.hpp
[15.138s] -- Up-to-date: /home/a-raspi1/fishing_ws/install/fish_sensor_pkg/include/fish_sensor_pkg/madgwick_filter.hpp
[15.139s] -- Up-to-date: /home/a-raspi1/fishing_ws/install/fish_sensor_pkg/share/fish_sensor_pkg/launch
[15.139s] -- Up-to-date: /home/a-raspi1/fishing_ws/install/fish_sensor_pkg/share/fish_sensor_pkg/launch/fish_sensor.launch.py
[15.140s] -- Up-to-date: /home/a-raspi1/fishing_ws/install/fish_sensor_pkg/share/fish_sensor_pkg/params
[15.140s] -- Up-to-date: /home/a-raspi1/fishing_ws/install/fish_sensor_pkg/share/fish_sensor_pkg/params/fish_sensor_params.yaml
[15.141s] -- Up-to-date: /home/a-raspi1/fishing_ws/install/fish_sensor_pkg/share/ament_index/resource_index/package_run_dependencies/fish_sensor_pkg
[15.141s] -- Up-to-date: /home/a-raspi1/fishing_ws/install/fish_sensor_pkg/share/ament_index/resource_index/parent_prefix_path/fish_sensor_pkg
[15.142s] -- Up-to-date: /home/a-raspi1/fishing_ws/install/fish_sensor_pkg/share/fish_sensor_pkg/environment/ament_prefix_path.sh
[15.142s] -- Up-to-date: /home/a-raspi1/fishing_ws/install/fish_sensor_pkg/share/fish_sensor_pkg/environment/ament_prefix_path.dsv
[15.143s] -- Up-to-date: /home/a-raspi1/fishing_ws/install/fish_sensor_pkg/share/fish_sensor_pkg/environment/path.sh
[15.143s] -- Up-to-date: /home/a-raspi1/fishing_ws/install/fish_sensor_pkg/share/fish_sensor_pkg/environment/path.dsv
[15.144s] -- Up-to-date: /home/a-raspi1/fishing_ws/install/fish_sensor_pkg/share/fish_sensor_pkg/local_setup.bash
[15.144s] -- Up-to-date: /home/a-raspi1/fishing_ws/install/fish_sensor_pkg/share/fish_sensor_pkg/local_setup.sh
[15.145s] -- Up-to-date: /home/a-raspi1/fishing_ws/install/fish_sensor_pkg/share/fish_sensor_pkg/local_setup.zsh
[15.145s] -- Up-to-date: /home/a-raspi1/fishing_ws/install/fish_sensor_pkg/share/fish_sensor_pkg/local_setup.dsv
[15.146s] -- Installing: /home/a-raspi1/fishing_ws/install/fish_sensor_pkg/share/fish_sensor_pkg/package.dsv
[15.146s] -- Up-to-date: /home/a-raspi1/fishing_ws/install/fish_sensor_pkg/share/ament_index/resource_index/packages/fish_sensor_pkg
[15.147s] -- Up-to-date: /home/a-raspi1/fishing_ws/install/fish_sensor_pkg/share/fish_sensor_pkg/cmake/fish_sensor_pkgConfig.cmake
[15.147s] -- Up-to-date: /home/a-raspi1/fishing_ws/install/fish_sensor_pkg/share/fish_sensor_pkg/cmake/fish_sensor_pkgConfig-version.cmake
[15.148s] -- Up-to-date: /home/a-raspi1/fishing_ws/install/fish_sensor_pkg/share/fish_sensor_pkg/package.xml
[15.174s] Invoked command in '/home/a-raspi1/fishing_ws/build/fish_sensor_pkg' returned '0': CMAKE_PREFIX_PATH=${CMAKE_PREFIX_PATH}:/opt/ros/humble DEBUGINFOD_URLS=https://debuginfod.ubuntu.com /home/a-raspi1/.local/bin/cmake --install /home/a-raspi1/fishing_ws/build/fish_sensor_pkg
