[0.549s] DEBUG:colcon:Command line arguments: ['/usr/bin/colcon', 'build']
[0.549s] DEBUG:colcon:Parsed command line arguments: Namespace(log_base=None, log_level=None, verb_name='build', build_base='build', install_base='install', merge_install=False, symlink_install=False, test_result_base=None, continue_on_error=False, executor='parallel', parallel_workers=4, event_handlers=None, ignore_user_meta=False, metas=['./colcon.meta'], base_paths=['.'], packages_ignore=None, packages_ignore_regex=None, paths=None, packages_up_to=None, packages_up_to_regex=None, packages_above=None, packages_above_and_dependencies=None, packages_above_depth=None, packages_select_by_dep=None, packages_skip_by_dep=None, packages_skip_up_to=None, packages_select_build_failed=False, packages_skip_build_finished=False, packages_select_test_failures=False, packages_skip_test_passed=False, packages_select=None, packages_skip=None, packages_select_regex=None, packages_skip_regex=None, packages_start=None, packages_end=None, allow_overriding=[], cmake_args=None, cmake_target=None, cmake_target_skip_unavailable=False, cmake_clean_cache=False, cmake_clean_first=False, cmake_force_configure=False, ament_cmake_args=None, catkin_cmake_args=None, catkin_skip_building_tests=False, verb_parser=<colcon_defaults.argument_parser.defaults.DefaultArgumentsDecorator object at 0xffff7f910970>, verb_extension=<colcon_core.verb.build.BuildVerb object at 0xffff7faa6470>, main=<bound method BuildVerb.main of <colcon_core.verb.build.BuildVerb object at 0xffff7faa6470>>)
[1.854s] Level 1:colcon.colcon_core.package_discovery:discover_packages(colcon_meta) check parameters
[1.855s] Level 1:colcon.colcon_core.package_discovery:discover_packages(recursive) check parameters
[1.858s] Level 1:colcon.colcon_core.package_discovery:discover_packages(ignore) check parameters
[1.859s] Level 1:colcon.colcon_core.package_discovery:discover_packages(path) check parameters
[1.859s] Level 1:colcon.colcon_core.package_discovery:discover_packages(colcon_meta) discover
[1.859s] Level 1:colcon.colcon_core.package_discovery:discover_packages(recursive) discover
[1.859s] INFO:colcon.colcon_core.package_discovery:Crawling recursively for packages in '/home/a-raspi1/fishing_ws'
[1.860s] Level 1:colcon.colcon_core.package_identification:_identify(.) by extensions ['ignore', 'ignore_ament_install']
[1.860s] Level 1:colcon.colcon_core.package_identification:_identify(.) by extension 'ignore'
[1.861s] Level 1:colcon.colcon_core.package_identification:_identify(.) by extension 'ignore_ament_install'
[1.861s] Level 1:colcon.colcon_core.package_identification:_identify(.) by extensions ['colcon_pkg']
[1.861s] Level 1:colcon.colcon_core.package_identification:_identify(.) by extension 'colcon_pkg'
[1.861s] Level 1:colcon.colcon_core.package_identification:_identify(.) by extensions ['colcon_meta']
[1.861s] Level 1:colcon.colcon_core.package_identification:_identify(.) by extension 'colcon_meta'
[1.862s] Level 1:colcon.colcon_core.package_identification:_identify(.) by extensions ['ros']
[1.862s] Level 1:colcon.colcon_core.package_identification:_identify(.) by extension 'ros'
[1.949s] Level 1:colcon.colcon_core.package_identification:_identify(.) by extensions ['cmake', 'python']
[1.949s] Level 1:colcon.colcon_core.package_identification:_identify(.) by extension 'cmake'
[1.950s] Level 1:colcon.colcon_core.package_identification:_identify(.) by extension 'python'
[1.950s] Level 1:colcon.colcon_core.package_identification:_identify(.) by extensions ['python_setup_py']
[1.950s] Level 1:colcon.colcon_core.package_identification:_identify(.) by extension 'python_setup_py'
[1.951s] Level 1:colcon.colcon_core.package_identification:_identify(build) by extensions ['ignore', 'ignore_ament_install']
[1.952s] Level 1:colcon.colcon_core.package_identification:_identify(build) by extension 'ignore'
[1.952s] Level 1:colcon.colcon_core.package_identification:_identify(build) ignored
[1.953s] Level 1:colcon.colcon_core.package_identification:_identify(install) by extensions ['ignore', 'ignore_ament_install']
[1.953s] Level 1:colcon.colcon_core.package_identification:_identify(install) by extension 'ignore'
[1.953s] Level 1:colcon.colcon_core.package_identification:_identify(install) ignored
[1.954s] Level 1:colcon.colcon_core.package_identification:_identify(log) by extensions ['ignore', 'ignore_ament_install']
[1.954s] Level 1:colcon.colcon_core.package_identification:_identify(log) by extension 'ignore'
[1.955s] Level 1:colcon.colcon_core.package_identification:_identify(log) ignored
[1.955s] Level 1:colcon.colcon_core.package_identification:_identify(src) by extensions ['ignore', 'ignore_ament_install']
[1.956s] Level 1:colcon.colcon_core.package_identification:_identify(src) by extension 'ignore'
[1.956s] Level 1:colcon.colcon_core.package_identification:_identify(src) by extension 'ignore_ament_install'
[1.957s] Level 1:colcon.colcon_core.package_identification:_identify(src) by extensions ['colcon_pkg']
[1.957s] Level 1:colcon.colcon_core.package_identification:_identify(src) by extension 'colcon_pkg'
[1.958s] Level 1:colcon.colcon_core.package_identification:_identify(src) by extensions ['colcon_meta']
[1.958s] Level 1:colcon.colcon_core.package_identification:_identify(src) by extension 'colcon_meta'
[1.959s] Level 1:colcon.colcon_core.package_identification:_identify(src) by extensions ['ros']
[1.959s] Level 1:colcon.colcon_core.package_identification:_identify(src) by extension 'ros'
[1.960s] Level 1:colcon.colcon_core.package_identification:_identify(src) by extensions ['cmake', 'python']
[1.960s] Level 1:colcon.colcon_core.package_identification:_identify(src) by extension 'cmake'
[1.961s] Level 1:colcon.colcon_core.package_identification:_identify(src) by extension 'python'
[1.961s] Level 1:colcon.colcon_core.package_identification:_identify(src) by extensions ['python_setup_py']
[1.961s] Level 1:colcon.colcon_core.package_identification:_identify(src) by extension 'python_setup_py'
[1.962s] Level 1:colcon.colcon_core.package_identification:_identify(src/fish_sensor_pkg) by extensions ['ignore', 'ignore_ament_install']
[1.963s] Level 1:colcon.colcon_core.package_identification:_identify(src/fish_sensor_pkg) by extension 'ignore'
[1.964s] Level 1:colcon.colcon_core.package_identification:_identify(src/fish_sensor_pkg) by extension 'ignore_ament_install'
[1.964s] Level 1:colcon.colcon_core.package_identification:_identify(src/fish_sensor_pkg) by extensions ['colcon_pkg']
[1.964s] Level 1:colcon.colcon_core.package_identification:_identify(src/fish_sensor_pkg) by extension 'colcon_pkg'
[1.965s] Level 1:colcon.colcon_core.package_identification:_identify(src/fish_sensor_pkg) by extensions ['colcon_meta']
[1.965s] Level 1:colcon.colcon_core.package_identification:_identify(src/fish_sensor_pkg) by extension 'colcon_meta'
[1.966s] Level 1:colcon.colcon_core.package_identification:_identify(src/fish_sensor_pkg) by extensions ['ros']
[1.966s] Level 1:colcon.colcon_core.package_identification:_identify(src/fish_sensor_pkg) by extension 'ros'
[1.981s] DEBUG:colcon.colcon_core.package_identification:Package 'src/fish_sensor_pkg' with type 'ros.ament_cmake' and name 'fish_sensor_pkg'
[1.982s] Level 1:colcon.colcon_core.package_discovery:discover_packages(recursive) using defaults
[1.982s] Level 1:colcon.colcon_core.package_discovery:discover_packages(ignore) discover
[1.983s] Level 1:colcon.colcon_core.package_discovery:discover_packages(ignore) using defaults
[1.983s] Level 1:colcon.colcon_core.package_discovery:discover_packages(path) discover
[1.983s] Level 1:colcon.colcon_core.package_discovery:discover_packages(path) using defaults
[2.074s] Level 1:colcon.colcon_core.package_discovery:discover_packages(prefix_path) check parameters
[2.074s] Level 1:colcon.colcon_core.package_discovery:discover_packages(prefix_path) discover
[2.083s] DEBUG:colcon.colcon_installed_package_information.package_discovery:Found 1 installed packages in /home/a-raspi1/fishing_ws/install
[2.093s] DEBUG:colcon.colcon_installed_package_information.package_discovery:Found 271 installed packages in /opt/ros/humble
[2.105s] Level 1:colcon.colcon_core.package_discovery:discover_packages(prefix_path) using defaults
[2.300s] Level 5:colcon.colcon_core.verb:set package 'fish_sensor_pkg' build argument 'cmake_args' from command line to 'None'
[2.301s] Level 5:colcon.colcon_core.verb:set package 'fish_sensor_pkg' build argument 'cmake_target' from command line to 'None'
[2.301s] Level 5:colcon.colcon_core.verb:set package 'fish_sensor_pkg' build argument 'cmake_target_skip_unavailable' from command line to 'False'
[2.301s] Level 5:colcon.colcon_core.verb:set package 'fish_sensor_pkg' build argument 'cmake_clean_cache' from command line to 'False'
[2.301s] Level 5:colcon.colcon_core.verb:set package 'fish_sensor_pkg' build argument 'cmake_clean_first' from command line to 'False'
[2.301s] Level 5:colcon.colcon_core.verb:set package 'fish_sensor_pkg' build argument 'cmake_force_configure' from command line to 'False'
[2.301s] Level 5:colcon.colcon_core.verb:set package 'fish_sensor_pkg' build argument 'ament_cmake_args' from command line to 'None'
[2.301s] Level 5:colcon.colcon_core.verb:set package 'fish_sensor_pkg' build argument 'catkin_cmake_args' from command line to 'None'
[2.302s] Level 5:colcon.colcon_core.verb:set package 'fish_sensor_pkg' build argument 'catkin_skip_building_tests' from command line to 'False'
[2.302s] DEBUG:colcon.colcon_core.verb:Building package 'fish_sensor_pkg' with the following arguments: {'ament_cmake_args': None, 'build_base': '/home/a-raspi1/fishing_ws/build/fish_sensor_pkg', 'catkin_cmake_args': None, 'catkin_skip_building_tests': False, 'cmake_args': None, 'cmake_clean_cache': False, 'cmake_clean_first': False, 'cmake_force_configure': False, 'cmake_target': None, 'cmake_target_skip_unavailable': False, 'install_base': '/home/a-raspi1/fishing_ws/install/fish_sensor_pkg', 'merge_install': False, 'path': '/home/a-raspi1/fishing_ws/src/fish_sensor_pkg', 'symlink_install': False, 'test_result_base': None}
[2.302s] INFO:colcon.colcon_core.executor:Executing jobs using 'parallel' executor
[2.306s] DEBUG:colcon.colcon_parallel_executor.executor.parallel:run_until_complete
[2.307s] INFO:colcon.colcon_ros.task.ament_cmake.build:Building ROS package in '/home/a-raspi1/fishing_ws/src/fish_sensor_pkg' with build type 'ament_cmake'
[2.308s] INFO:colcon.colcon_cmake.task.cmake.build:Building CMake package in '/home/a-raspi1/fishing_ws/src/fish_sensor_pkg'
[2.318s] INFO:colcon.colcon_core.plugin_system:Skipping extension 'colcon_core.shell.bat': Not used on non-Windows systems
[2.319s] INFO:colcon.colcon_core.shell:Skip shell extension 'powershell' for command environment: Not usable outside of PowerShell
[2.320s] DEBUG:colcon.colcon_core.shell:Skip shell extension 'dsv' for command environment
[2.364s] DEBUG:colcon.colcon_core.event_handler.log_command:Invoking command in '/home/a-raspi1/fishing_ws/build/fish_sensor_pkg': CMAKE_PREFIX_PATH=${CMAKE_PREFIX_PATH}:/opt/ros/humble DEBUGINFOD_URLS=https://debuginfod.ubuntu.com /home/a-raspi1/.local/bin/cmake --build /home/a-raspi1/fishing_ws/build/fish_sensor_pkg -- -j4 -l4
[17.098s] DEBUG:colcon.colcon_core.event_handler.log_command:Invoked command in '/home/a-raspi1/fishing_ws/build/fish_sensor_pkg' returned '0': CMAKE_PREFIX_PATH=${CMAKE_PREFIX_PATH}:/opt/ros/humble DEBUGINFOD_URLS=https://debuginfod.ubuntu.com /home/a-raspi1/.local/bin/cmake --build /home/a-raspi1/fishing_ws/build/fish_sensor_pkg -- -j4 -l4
[17.281s] DEBUG:colcon.colcon_core.event_handler.log_command:Invoking command in '/home/a-raspi1/fishing_ws/build/fish_sensor_pkg': CMAKE_PREFIX_PATH=${CMAKE_PREFIX_PATH}:/opt/ros/humble DEBUGINFOD_URLS=https://debuginfod.ubuntu.com /home/a-raspi1/.local/bin/cmake --install /home/a-raspi1/fishing_ws/build/fish_sensor_pkg
[17.482s] Level 1:colcon.colcon_core.environment:create_environment_scripts_only(fish_sensor_pkg)
[17.483s] DEBUG:colcon.colcon_core.event_handler.log_command:Invoked command in '/home/a-raspi1/fishing_ws/build/fish_sensor_pkg' returned '0': CMAKE_PREFIX_PATH=${CMAKE_PREFIX_PATH}:/opt/ros/humble DEBUGINFOD_URLS=https://debuginfod.ubuntu.com /home/a-raspi1/.local/bin/cmake --install /home/a-raspi1/fishing_ws/build/fish_sensor_pkg
[17.494s] Level 1:colcon.colcon_core.environment:checking '/home/a-raspi1/fishing_ws/install/fish_sensor_pkg' for CMake module files
[17.498s] Level 1:colcon.colcon_core.environment:checking '/home/a-raspi1/fishing_ws/install/fish_sensor_pkg' for CMake config files
[17.501s] Level 1:colcon.colcon_core.shell:create_environment_hook('fish_sensor_pkg', 'cmake_prefix_path')
[17.502s] INFO:colcon.colcon_core.shell:Creating environment hook '/home/a-raspi1/fishing_ws/install/fish_sensor_pkg/share/fish_sensor_pkg/hook/cmake_prefix_path.ps1'
[17.505s] INFO:colcon.colcon_core.shell:Creating environment descriptor '/home/a-raspi1/fishing_ws/install/fish_sensor_pkg/share/fish_sensor_pkg/hook/cmake_prefix_path.dsv'
[17.508s] INFO:colcon.colcon_core.shell:Creating environment hook '/home/a-raspi1/fishing_ws/install/fish_sensor_pkg/share/fish_sensor_pkg/hook/cmake_prefix_path.sh'
[17.512s] Level 1:colcon.colcon_core.environment:checking '/home/a-raspi1/fishing_ws/install/fish_sensor_pkg/lib'
[17.513s] Level 1:colcon.colcon_core.environment:checking '/home/a-raspi1/fishing_ws/install/fish_sensor_pkg/bin'
[17.514s] Level 1:colcon.colcon_core.environment:checking '/home/a-raspi1/fishing_ws/install/fish_sensor_pkg/lib/pkgconfig/fish_sensor_pkg.pc'
[17.515s] Level 1:colcon.colcon_core.environment:checking '/home/a-raspi1/fishing_ws/install/fish_sensor_pkg/lib/python3.10/site-packages'
[17.516s] Level 1:colcon.colcon_core.environment:checking '/home/a-raspi1/fishing_ws/install/fish_sensor_pkg/bin'
[17.518s] INFO:colcon.colcon_core.shell:Creating package script '/home/a-raspi1/fishing_ws/install/fish_sensor_pkg/share/fish_sensor_pkg/package.ps1'
[17.521s] INFO:colcon.colcon_core.shell:Creating package descriptor '/home/a-raspi1/fishing_ws/install/fish_sensor_pkg/share/fish_sensor_pkg/package.dsv'
[17.524s] INFO:colcon.colcon_core.shell:Creating package script '/home/a-raspi1/fishing_ws/install/fish_sensor_pkg/share/fish_sensor_pkg/package.sh'
[17.528s] INFO:colcon.colcon_core.shell:Creating package script '/home/a-raspi1/fishing_ws/install/fish_sensor_pkg/share/fish_sensor_pkg/package.bash'
[17.532s] INFO:colcon.colcon_core.shell:Creating package script '/home/a-raspi1/fishing_ws/install/fish_sensor_pkg/share/fish_sensor_pkg/package.zsh'
[17.536s] Level 1:colcon.colcon_core.environment:create_file_with_runtime_dependencies(/home/a-raspi1/fishing_ws/install/fish_sensor_pkg/share/colcon-core/packages/fish_sensor_pkg)
[17.539s] Level 1:colcon.colcon_core.environment:create_environment_scripts_only(fish_sensor_pkg)
[17.541s] Level 1:colcon.colcon_core.environment:checking '/home/a-raspi1/fishing_ws/install/fish_sensor_pkg' for CMake module files
[17.544s] Level 1:colcon.colcon_core.environment:checking '/home/a-raspi1/fishing_ws/install/fish_sensor_pkg' for CMake config files
[17.546s] Level 1:colcon.colcon_core.shell:create_environment_hook('fish_sensor_pkg', 'cmake_prefix_path')
[17.547s] INFO:colcon.colcon_core.shell:Creating environment hook '/home/a-raspi1/fishing_ws/install/fish_sensor_pkg/share/fish_sensor_pkg/hook/cmake_prefix_path.ps1'
[17.550s] INFO:colcon.colcon_core.shell:Creating environment descriptor '/home/a-raspi1/fishing_ws/install/fish_sensor_pkg/share/fish_sensor_pkg/hook/cmake_prefix_path.dsv'
[17.552s] INFO:colcon.colcon_core.shell:Creating environment hook '/home/a-raspi1/fishing_ws/install/fish_sensor_pkg/share/fish_sensor_pkg/hook/cmake_prefix_path.sh'
[17.555s] Level 1:colcon.colcon_core.environment:checking '/home/a-raspi1/fishing_ws/install/fish_sensor_pkg/lib'
[17.555s] Level 1:colcon.colcon_core.environment:checking '/home/a-raspi1/fishing_ws/install/fish_sensor_pkg/bin'
[17.556s] Level 1:colcon.colcon_core.environment:checking '/home/a-raspi1/fishing_ws/install/fish_sensor_pkg/lib/pkgconfig/fish_sensor_pkg.pc'
[17.557s] Level 1:colcon.colcon_core.environment:checking '/home/a-raspi1/fishing_ws/install/fish_sensor_pkg/lib/python3.10/site-packages'
[17.558s] Level 1:colcon.colcon_core.environment:checking '/home/a-raspi1/fishing_ws/install/fish_sensor_pkg/bin'
[17.560s] INFO:colcon.colcon_core.shell:Creating package script '/home/a-raspi1/fishing_ws/install/fish_sensor_pkg/share/fish_sensor_pkg/package.ps1'
[17.562s] INFO:colcon.colcon_core.shell:Creating package descriptor '/home/a-raspi1/fishing_ws/install/fish_sensor_pkg/share/fish_sensor_pkg/package.dsv'
[17.565s] INFO:colcon.colcon_core.shell:Creating package script '/home/a-raspi1/fishing_ws/install/fish_sensor_pkg/share/fish_sensor_pkg/package.sh'
[17.568s] INFO:colcon.colcon_core.shell:Creating package script '/home/a-raspi1/fishing_ws/install/fish_sensor_pkg/share/fish_sensor_pkg/package.bash'
[17.571s] INFO:colcon.colcon_core.shell:Creating package script '/home/a-raspi1/fishing_ws/install/fish_sensor_pkg/share/fish_sensor_pkg/package.zsh'
[17.573s] Level 1:colcon.colcon_core.environment:create_file_with_runtime_dependencies(/home/a-raspi1/fishing_ws/install/fish_sensor_pkg/share/colcon-core/packages/fish_sensor_pkg)
[17.575s] DEBUG:colcon.colcon_parallel_executor.executor.parallel:closing loop
[17.577s] DEBUG:colcon.colcon_parallel_executor.executor.parallel:loop closed
[17.577s] DEBUG:colcon.colcon_parallel_executor.executor.parallel:run_until_complete finished with '0'
[17.577s] DEBUG:colcon.colcon_core.event_reactor:joining thread
[17.601s] INFO:colcon.colcon_core.plugin_system:Skipping extension 'colcon_notification.desktop_notification.terminal_notifier': Not used on non-Darwin systems
[17.602s] INFO:colcon.colcon_core.plugin_system:Skipping extension 'colcon_notification.desktop_notification.win32': Not used on non-Windows systems
[17.602s] INFO:colcon.colcon_notification.desktop_notification:Sending desktop notification using 'notify2'
[17.608s] DEBUG:colcon.colcon_notification.desktop_notification.notify2:Failed to initialize notify2: org.freedesktop.DBus.Error.ServiceUnknown: The name org.freedesktop.Notifications was not provided by any .service files
[17.608s] DEBUG:colcon.colcon_core.event_reactor:joined thread
[17.610s] INFO:colcon.colcon_core.shell:Creating prefix script '/home/a-raspi1/fishing_ws/install/local_setup.ps1'
[17.615s] INFO:colcon.colcon_core.shell:Creating prefix util module '/home/a-raspi1/fishing_ws/install/_local_setup_util_ps1.py'
[17.623s] INFO:colcon.colcon_core.shell:Creating prefix chain script '/home/a-raspi1/fishing_ws/install/setup.ps1'
[17.628s] INFO:colcon.colcon_core.shell:Creating prefix script '/home/a-raspi1/fishing_ws/install/local_setup.sh'
[17.631s] INFO:colcon.colcon_core.shell:Creating prefix util module '/home/a-raspi1/fishing_ws/install/_local_setup_util_sh.py'
[17.634s] INFO:colcon.colcon_core.shell:Creating prefix chain script '/home/a-raspi1/fishing_ws/install/setup.sh'
[17.640s] INFO:colcon.colcon_core.shell:Creating prefix script '/home/a-raspi1/fishing_ws/install/local_setup.bash'
[17.642s] INFO:colcon.colcon_core.shell:Creating prefix chain script '/home/a-raspi1/fishing_ws/install/setup.bash'
[17.648s] INFO:colcon.colcon_core.shell:Creating prefix script '/home/a-raspi1/fishing_ws/install/local_setup.zsh'
[17.650s] INFO:colcon.colcon_core.shell:Creating prefix chain script '/home/a-raspi1/fishing_ws/install/setup.zsh'
