[0.064s] Invoking command in '/home/a-raspi1/fishing_ws/build/fish_sensor_pkg': CMAKE_PREFIX_PATH=${CMAKE_PREFIX_PATH}:/opt/ros/humble DEBUGINFOD_URLS=https://debuginfod.ubuntu.com /home/a-raspi1/.local/bin/cmake --build /home/a-raspi1/fishing_ws/build/fish_sensor_pkg -- -j4 -l4
[0.334s] -- Found ament_cmake: 1.3.12 (/opt/ros/humble/share/ament_cmake/cmake)
[1.548s] -- Found rclcpp: 16.0.15 (/opt/ros/humble/share/rclcpp/cmake)
[1.863s] -- Found rosidl_generator_c: 3.1.7 (/opt/ros/humble/share/rosidl_generator_c/cmake)
[1.886s] -- Found rosidl_adapter: 3.1.7 (/opt/ros/humble/share/rosidl_adapter/cmake)
[1.941s] -- Found rosidl_generator_cpp: 3.1.7 (/opt/ros/humble/share/rosidl_generator_cpp/cmake)
[2.029s] -- Using all available rosidl_typesupport_c: rosidl_typesupport_fastrtps_c;rosidl_typesupport_introspection_c
[2.143s] -- Using all available rosidl_typesupport_cpp: rosidl_typesupport_fastrtps_cpp;rosidl_typesupport_introspection_cpp
[2.432s] -- Found rmw_implementation_cmake: 6.1.2 (/opt/ros/humble/share/rmw_implementation_cmake/cmake)
[2.448s] -- Found rmw_fastrtps_cpp: 6.2.8 (/opt/ros/humble/share/rmw_fastrtps_cpp/cmake)
[3.735s] -- Using RMW implementation 'rmw_fastrtps_cpp' as default
[4.142s] -- Found sensor_msgs: 4.9.0 (/opt/ros/humble/share/sensor_msgs/cmake)
[4.371s] -- Found rclcpp_components: 16.0.15 (/opt/ros/humble/share/rclcpp_components/cmake)
[4.886s] -- Configuring done (4.6s)
[5.048s] -- Generating done (0.1s)
[5.078s] -- Build files have been written to: /home/a-raspi1/fishing_ws/build/fish_sensor_pkg
[5.208s] [ 20%] Built target i2c_device
[5.218s] [ 40%] Built target madgwick_filter
[5.282s] [ 60%] Built target as5600
[5.286s] [ 70%] [32mBuilding CXX object CMakeFiles/mpu6500.dir/src/mpu6500.cpp.o[0m
[5.494s] In file included from [01m[K/home/a-raspi1/fishing_ws/src/fish_sensor_pkg/src/mpu6500.cpp:1[m[K:
[5.495s] [01m[K/home/a-raspi1/fishing_ws/src/fish_sensor_pkg/include/fish_sensor_pkg/mpu6500.hpp:5:10:[m[K [01;31m[Kfatal error: [m[Krclcpp/rclcpp.hpp: そのようなファイルやディレクトリはありません
[5.496s]     5 | #include [01;31m[K"rclcpp/rclcpp.hpp"[m[K // rclcppを追加
[5.496s]       |          [01;31m[K^~~~~~~~~~~~~~~~~~~[m[K
[5.496s] compilation terminated.
[5.501s] gmake[2]: *** [CMakeFiles/mpu6500.dir/build.make:76: CMakeFiles/mpu6500.dir/src/mpu6500.cpp.o] エラー 1
[5.503s] gmake[1]: *** [CMakeFiles/Makefile2:171: CMakeFiles/mpu6500.dir/all] エラー 2
[5.507s] gmake: *** [Makefile:146: all] エラー 2
[5.531s] Invoked command in '/home/a-raspi1/fishing_ws/build/fish_sensor_pkg' returned '2': CMAKE_PREFIX_PATH=${CMAKE_PREFIX_PATH}:/opt/ros/humble DEBUGINFOD_URLS=https://debuginfod.ubuntu.com /home/a-raspi1/.local/bin/cmake --build /home/a-raspi1/fishing_ws/build/fish_sensor_pkg -- -j4 -l4
