-- The C compiler identification is GNU 11.4.0
-- The CXX compiler identification is GNU 11.4.0
-- Detecting C compiler ABI info
-- Detecting C compiler ABI info - done
-- Check for working C compiler: /usr/bin/cc - skipped
-- Detecting C compile features
-- Detecting C compile features - done
-- Detecting CXX compiler ABI info
-- Detecting CXX compiler ABI info - done
-- Check for working CXX compiler: /usr/bin/c++ - skipped
-- Detecting CXX compile features
-- Detecting CXX compile features - done
-- Found ament_cmake: 1.3.12 (/opt/ros/humble/share/ament_cmake/cmake)
-- Found Python3: /usr/bin/python3 (found version "3.10.12") found components: Interpreter 
-- Found rclcpp: 16.0.15 (/opt/ros/humble/share/rclcpp/cmake)
-- Found rosidl_generator_c: 3.1.7 (/opt/ros/humble/share/rosidl_generator_c/cmake)
-- Found rosidl_adapter: 3.1.7 (/opt/ros/humble/share/rosidl_adapter/cmake)
-- Found rosidl_generator_cpp: 3.1.7 (/opt/ros/humble/share/rosidl_generator_cpp/cmake)
-- Using all available rosidl_typesupport_c: rosidl_typesupport_fastrtps_c;rosidl_typesupport_introspection_c
-- Using all available rosidl_typesupport_cpp: rosidl_typesupport_fastrtps_cpp;rosidl_typesupport_introspection_cpp
-- Found rmw_implementation_cmake: 6.1.2 (/opt/ros/humble/share/rmw_implementation_cmake/cmake)
-- Found rmw_fastrtps_cpp: 6.2.8 (/opt/ros/humble/share/rmw_fastrtps_cpp/cmake)
-- Found OpenSSL: /usr/lib/aarch64-linux-gnu/libcrypto.so (found version "3.0.2")  
-- Found FastRTPS: /opt/ros/humble/include  
-- Using RMW implementation 'rmw_fastrtps_cpp' as default
-- Performing Test CMAKE_HAVE_LIBC_PTHREAD
-- Performing Test CMAKE_HAVE_LIBC_PTHREAD - Success
-- Found Threads: TRUE  
-- Found sensor_msgs: 4.9.0 (/opt/ros/humble/share/sensor_msgs/cmake)
-- Found rclcpp_components: 16.0.15 (/opt/ros/humble/share/rclcpp_components/cmake)
-- Configuring done (11.2s)
-- Generating done (0.1s)
-- Build files have been written to: /home/a-raspi1/fishing_ws/build/fish_sensor_pkg
[ 10%] [32mBuilding CXX object CMakeFiles/i2c_device.dir/src/i2c_device.cpp.o[0m
[ 20%] [32mBuilding CXX object CMakeFiles/madgwick_filter.dir/src/madgwick_filter.cpp.o[0m
[ 30%] [32m[1mLinking CXX static library libi2c_device.a[0m
[ 30%] Built target i2c_device
[ 40%] [32mBuilding CXX object CMakeFiles/mpu6500.dir/src/mpu6500.cpp.o[0m
[ 50%] [32mBuilding CXX object CMakeFiles/as5600.dir/src/as5600.cpp.o[0m
[ 60%] [32m[1mLinking CXX static library libas5600.a[0m
[ 70%] [32m[1mLinking CXX static library libmadgwick_filter.a[0m
[ 70%] Built target as5600
[ 70%] Built target madgwick_filter
[ 80%] [32m[1mLinking CXX static library libmpu6500.a[0m
[ 80%] Built target mpu6500
[ 90%] [32mBuilding CXX object CMakeFiles/fish_sensor_node.dir/src/fish_sensor_node.cpp.o[0m
[100%] [32m[1mLinking CXX executable fish_sensor_node[0m
[100%] Built target fish_sensor_node
-- Install configuration: ""
-- Installing: /home/a-raspi1/fishing_ws/install/fish_sensor_pkg/lib/fish_sensor_pkg/fish_sensor_node
-- Set runtime path of "/home/a-raspi1/fishing_ws/install/fish_sensor_pkg/lib/fish_sensor_pkg/fish_sensor_node" to ""
-- Installing: /home/a-raspi1/fishing_ws/install/fish_sensor_pkg/include
-- Installing: /home/a-raspi1/fishing_ws/install/fish_sensor_pkg/include/fish_sensor_pkg
-- Installing: /home/a-raspi1/fishing_ws/install/fish_sensor_pkg/include/fish_sensor_pkg/mpu6500.hpp
-- Installing: /home/a-raspi1/fishing_ws/install/fish_sensor_pkg/include/fish_sensor_pkg/as5600.hpp
-- Installing: /home/a-raspi1/fishing_ws/install/fish_sensor_pkg/include/fish_sensor_pkg/i2c_device.hpp
-- Installing: /home/a-raspi1/fishing_ws/install/fish_sensor_pkg/include/fish_sensor_pkg/madgwick_filter.hpp
-- Installing: /home/a-raspi1/fishing_ws/install/fish_sensor_pkg/share/fish_sensor_pkg/launch
-- Installing: /home/a-raspi1/fishing_ws/install/fish_sensor_pkg/share/fish_sensor_pkg/launch/fish_sensor_launch.py
-- Installing: /home/a-raspi1/fishing_ws/install/fish_sensor_pkg/share/fish_sensor_pkg/params
-- Installing: /home/a-raspi1/fishing_ws/install/fish_sensor_pkg/share/fish_sensor_pkg/params/fish_sensor_params.yaml
-- Installing: /home/a-raspi1/fishing_ws/install/fish_sensor_pkg/share/ament_index/resource_index/package_run_dependencies/fish_sensor_pkg
-- Installing: /home/a-raspi1/fishing_ws/install/fish_sensor_pkg/share/ament_index/resource_index/parent_prefix_path/fish_sensor_pkg
-- Installing: /home/a-raspi1/fishing_ws/install/fish_sensor_pkg/share/fish_sensor_pkg/environment/ament_prefix_path.sh
-- Installing: /home/a-raspi1/fishing_ws/install/fish_sensor_pkg/share/fish_sensor_pkg/environment/ament_prefix_path.dsv
-- Installing: /home/a-raspi1/fishing_ws/install/fish_sensor_pkg/share/fish_sensor_pkg/environment/path.sh
-- Installing: /home/a-raspi1/fishing_ws/install/fish_sensor_pkg/share/fish_sensor_pkg/environment/path.dsv
-- Installing: /home/a-raspi1/fishing_ws/install/fish_sensor_pkg/share/fish_sensor_pkg/local_setup.bash
-- Installing: /home/a-raspi1/fishing_ws/install/fish_sensor_pkg/share/fish_sensor_pkg/local_setup.sh
-- Installing: /home/a-raspi1/fishing_ws/install/fish_sensor_pkg/share/fish_sensor_pkg/local_setup.zsh
-- Installing: /home/a-raspi1/fishing_ws/install/fish_sensor_pkg/share/fish_sensor_pkg/local_setup.dsv
-- Installing: /home/a-raspi1/fishing_ws/install/fish_sensor_pkg/share/fish_sensor_pkg/package.dsv
-- Installing: /home/a-raspi1/fishing_ws/install/fish_sensor_pkg/share/ament_index/resource_index/packages/fish_sensor_pkg
-- Installing: /home/a-raspi1/fishing_ws/install/fish_sensor_pkg/share/fish_sensor_pkg/cmake/fish_sensor_pkgConfig.cmake
-- Installing: /home/a-raspi1/fishing_ws/install/fish_sensor_pkg/share/fish_sensor_pkg/cmake/fish_sensor_pkgConfig-version.cmake
-- Installing: /home/a-raspi1/fishing_ws/install/fish_sensor_pkg/share/fish_sensor_pkg/package.xml
