[0.067s] Invoking command in '/home/a-raspi1/fishing_ws/build/fish_sensor_pkg': CMAKE_PREFIX_PATH=${CMAKE_PREFIX_PATH}:/opt/ros/humble DEBUGINFOD_URLS=https://debuginfod.ubuntu.com /home/a-raspi1/.local/bin/cmake /home/a-raspi1/fishing_ws/src/fish_sensor_pkg -DCMAKE_INSTALL_PREFIX=/home/a-raspi1/fishing_ws/install/fish_sensor_pkg
[1.699s] -- The C compiler identification is GNU 11.4.0
[2.747s] -- The CXX compiler identification is GNU 11.4.0
[2.871s] -- Detecting C compiler ABI info
[3.470s] -- Detecting C compiler ABI info - done
[3.518s] -- Check for working C compiler: /usr/bin/cc - skipped
[3.522s] -- Detecting C compile features
[3.525s] -- Detecting C compile features - done
[3.587s] -- Detecting CXX compiler ABI info
[4.106s] -- Detecting CXX compiler ABI info - done
[4.159s] -- Check for working CXX compiler: /usr/bin/c++ - skipped
[4.160s] -- Detecting CXX compile features
[4.163s] -- Detecting CXX compile features - done
[4.205s] -- Found ament_cmake: 1.3.12 (/opt/ros/humble/share/ament_cmake/cmake)
[5.018s] -- Found Python3: /usr/bin/python3 (found version "3.10.12") found components: Interpreter 
[6.047s] -- Found rclcpp: 16.0.15 (/opt/ros/humble/share/rclcpp/cmake)
[6.604s] -- Found rosidl_generator_c: 3.1.7 (/opt/ros/humble/share/rosidl_generator_c/cmake)
[6.673s] -- Found rosidl_adapter: 3.1.7 (/opt/ros/humble/share/rosidl_adapter/cmake)
[6.771s] -- Found rosidl_generator_cpp: 3.1.7 (/opt/ros/humble/share/rosidl_generator_cpp/cmake)
[6.909s] -- Using all available rosidl_typesupport_c: rosidl_typesupport_fastrtps_c;rosidl_typesupport_introspection_c
[7.088s] -- Using all available rosidl_typesupport_cpp: rosidl_typesupport_fastrtps_cpp;rosidl_typesupport_introspection_cpp
[7.711s] -- Found rmw_implementation_cmake: 6.1.2 (/opt/ros/humble/share/rmw_implementation_cmake/cmake)
[7.745s] -- Found rmw_fastrtps_cpp: 6.2.8 (/opt/ros/humble/share/rmw_fastrtps_cpp/cmake)
[8.535s] -- Found OpenSSL: /usr/lib/aarch64-linux-gnu/libcrypto.so (found version "3.0.2")  
[8.867s] -- Found FastRTPS: /opt/ros/humble/include  
[9.393s] -- Using RMW implementation 'rmw_fastrtps_cpp' as default
[9.506s] -- Performing Test CMAKE_HAVE_LIBC_PTHREAD
[9.975s] -- Performing Test CMAKE_HAVE_LIBC_PTHREAD - Success
[9.980s] -- Found Threads: TRUE  
[10.471s] -- Found sensor_msgs: 4.9.0 (/opt/ros/humble/share/sensor_msgs/cmake)
[10.752s] -- Found rclcpp_components: 16.0.15 (/opt/ros/humble/share/rclcpp_components/cmake)
[11.614s] -- Configuring done (11.2s)
[11.741s] -- Generating done (0.1s)
[11.768s] -- Build files have been written to: /home/a-raspi1/fishing_ws/build/fish_sensor_pkg
[11.837s] Invoked command in '/home/a-raspi1/fishing_ws/build/fish_sensor_pkg' returned '0': CMAKE_PREFIX_PATH=${CMAKE_PREFIX_PATH}:/opt/ros/humble DEBUGINFOD_URLS=https://debuginfod.ubuntu.com /home/a-raspi1/.local/bin/cmake /home/a-raspi1/fishing_ws/src/fish_sensor_pkg -DCMAKE_INSTALL_PREFIX=/home/a-raspi1/fishing_ws/install/fish_sensor_pkg
[11.850s] Invoking command in '/home/a-raspi1/fishing_ws/build/fish_sensor_pkg': CMAKE_PREFIX_PATH=${CMAKE_PREFIX_PATH}:/opt/ros/humble DEBUGINFOD_URLS=https://debuginfod.ubuntu.com /home/a-raspi1/.local/bin/cmake --build /home/a-raspi1/fishing_ws/build/fish_sensor_pkg -- -j4 -l4
[12.155s] [ 10%] [32mBuilding CXX object CMakeFiles/i2c_device.dir/src/i2c_device.cpp.o[0m
[12.161s] [ 20%] [32mBuilding CXX object CMakeFiles/madgwick_filter.dir/src/madgwick_filter.cpp.o[0m
[14.393s] [ 30%] [32m[1mLinking CXX static library libi2c_device.a[0m
[14.526s] [ 30%] Built target i2c_device
[14.587s] [ 40%] [32mBuilding CXX object CMakeFiles/mpu6500.dir/src/mpu6500.cpp.o[0m
[14.592s] [ 50%] [32mBuilding CXX object CMakeFiles/as5600.dir/src/as5600.cpp.o[0m
[16.458s] [ 60%] [32m[1mLinking CXX static library libas5600.a[0m
[16.480s] [ 70%] [32m[1mLinking CXX static library libmadgwick_filter.a[0m
[16.630s] [ 70%] Built target as5600
[16.725s] [ 70%] Built target madgwick_filter
[17.216s] [ 80%] [32m[1mLinking CXX static library libmpu6500.a[0m
[17.500s] [ 80%] Built target mpu6500
[17.561s] [ 90%] [32mBuilding CXX object CMakeFiles/fish_sensor_node.dir/src/fish_sensor_node.cpp.o[0m
[41.789s] [100%] [32m[1mLinking CXX executable fish_sensor_node[0m
[43.188s] [100%] Built target fish_sensor_node
[43.232s] Invoked command in '/home/a-raspi1/fishing_ws/build/fish_sensor_pkg' returned '0': CMAKE_PREFIX_PATH=${CMAKE_PREFIX_PATH}:/opt/ros/humble DEBUGINFOD_URLS=https://debuginfod.ubuntu.com /home/a-raspi1/.local/bin/cmake --build /home/a-raspi1/fishing_ws/build/fish_sensor_pkg -- -j4 -l4
[43.426s] Invoking command in '/home/a-raspi1/fishing_ws/build/fish_sensor_pkg': CMAKE_PREFIX_PATH=${CMAKE_PREFIX_PATH}:/opt/ros/humble DEBUGINFOD_URLS=https://debuginfod.ubuntu.com /home/a-raspi1/.local/bin/cmake --install /home/a-raspi1/fishing_ws/build/fish_sensor_pkg
[43.574s] -- Install configuration: ""
[43.575s] -- Installing: /home/a-raspi1/fishing_ws/install/fish_sensor_pkg/lib/fish_sensor_pkg/fish_sensor_node
[43.590s] -- Set runtime path of "/home/a-raspi1/fishing_ws/install/fish_sensor_pkg/lib/fish_sensor_pkg/fish_sensor_node" to ""
[43.591s] -- Installing: /home/a-raspi1/fishing_ws/install/fish_sensor_pkg/include
[43.591s] -- Installing: /home/a-raspi1/fishing_ws/install/fish_sensor_pkg/include/fish_sensor_pkg
[43.592s] -- Installing: /home/a-raspi1/fishing_ws/install/fish_sensor_pkg/include/fish_sensor_pkg/mpu6500.hpp
[43.593s] -- Installing: /home/a-raspi1/fishing_ws/install/fish_sensor_pkg/include/fish_sensor_pkg/as5600.hpp
[43.594s] -- Installing: /home/a-raspi1/fishing_ws/install/fish_sensor_pkg/include/fish_sensor_pkg/i2c_device.hpp
[43.595s] -- Installing: /home/a-raspi1/fishing_ws/install/fish_sensor_pkg/include/fish_sensor_pkg/madgwick_filter.hpp
[43.596s] -- Installing: /home/a-raspi1/fishing_ws/install/fish_sensor_pkg/share/fish_sensor_pkg/launch
[43.597s] -- Installing: /home/a-raspi1/fishing_ws/install/fish_sensor_pkg/share/fish_sensor_pkg/launch/fish_sensor_launch.py
[43.599s] -- Installing: /home/a-raspi1/fishing_ws/install/fish_sensor_pkg/share/fish_sensor_pkg/params
[43.599s] -- Installing: /home/a-raspi1/fishing_ws/install/fish_sensor_pkg/share/fish_sensor_pkg/params/fish_sensor_params.yaml
[43.602s] -- Installing: /home/a-raspi1/fishing_ws/install/fish_sensor_pkg/share/ament_index/resource_index/package_run_dependencies/fish_sensor_pkg
[43.604s] -- Installing: /home/a-raspi1/fishing_ws/install/fish_sensor_pkg/share/ament_index/resource_index/parent_prefix_path/fish_sensor_pkg
[43.606s] -- Installing: /home/a-raspi1/fishing_ws/install/fish_sensor_pkg/share/fish_sensor_pkg/environment/ament_prefix_path.sh
[43.607s] -- Installing: /home/a-raspi1/fishing_ws/install/fish_sensor_pkg/share/fish_sensor_pkg/environment/ament_prefix_path.dsv
[43.608s] -- Installing: /home/a-raspi1/fishing_ws/install/fish_sensor_pkg/share/fish_sensor_pkg/environment/path.sh
[43.610s] -- Installing: /home/a-raspi1/fishing_ws/install/fish_sensor_pkg/share/fish_sensor_pkg/environment/path.dsv
[43.611s] -- Installing: /home/a-raspi1/fishing_ws/install/fish_sensor_pkg/share/fish_sensor_pkg/local_setup.bash
[43.613s] -- Installing: /home/a-raspi1/fishing_ws/install/fish_sensor_pkg/share/fish_sensor_pkg/local_setup.sh
[43.614s] -- Installing: /home/a-raspi1/fishing_ws/install/fish_sensor_pkg/share/fish_sensor_pkg/local_setup.zsh
[43.615s] -- Installing: /home/a-raspi1/fishing_ws/install/fish_sensor_pkg/share/fish_sensor_pkg/local_setup.dsv
[43.617s] -- Installing: /home/a-raspi1/fishing_ws/install/fish_sensor_pkg/share/fish_sensor_pkg/package.dsv
[43.619s] -- Installing: /home/a-raspi1/fishing_ws/install/fish_sensor_pkg/share/ament_index/resource_index/packages/fish_sensor_pkg
[43.620s] -- Installing: /home/a-raspi1/fishing_ws/install/fish_sensor_pkg/share/fish_sensor_pkg/cmake/fish_sensor_pkgConfig.cmake
[43.622s] -- Installing: /home/a-raspi1/fishing_ws/install/fish_sensor_pkg/share/fish_sensor_pkg/cmake/fish_sensor_pkgConfig-version.cmake
[43.623s] -- Installing: /home/a-raspi1/fishing_ws/install/fish_sensor_pkg/share/fish_sensor_pkg/package.xml
[43.651s] Invoked command in '/home/a-raspi1/fishing_ws/build/fish_sensor_pkg' returned '0': CMAKE_PREFIX_PATH=${CMAKE_PREFIX_PATH}:/opt/ros/humble DEBUGINFOD_URLS=https://debuginfod.ubuntu.com /home/a-raspi1/.local/bin/cmake --install /home/a-raspi1/fishing_ws/build/fish_sensor_pkg
